{"meta": {"format": 3, "version": "7.15.2", "timestamp": "2026-07-16T23:45:14.384178", "branch_coverage": true, "show_contexts": false}, "files": {"backend\\app\\__init__.py": {"executed_lines": [], "summary": {"covered_lines": 0, "num_statements": 0, "percent_covered": 100.0, "percent_covered_display": "100", "missing_lines": 0, "excluded_lines": 0, "percent_statements_covered": 100.0, "percent_statements_covered_display": "100", "num_branches": 0, "num_partial_branches": 0, "covered_branches": 0, "missing_branches": 0, "percent_branches_covered": 100.0, "percent_branches_covered_display": "100"}, "missing_lines": [], "excluded_lines": [], "executed_branches": [], "missing_branches": [], "functions": {"": {"executed_lines": [], "summary": {"covered_lines": 0, "num_statements": 0, "percent_covered": 100.0, "percent_covered_display": "100", "missing_lines": 0, "excluded_lines": 0, "percent_statements_covered": 100.0, "percent_statements_covered_display": "100", "num_branches": 0, "num_partial_branches": 0, "covered_branches": 0, "missing_branches": 0, "percent_branches_covered": 100.0, "percent_branches_covered_display": "100"}, "missing_lines": [], "excluded_lines": [], "start_line": 1, "executed_branches": [], "missing_branches": []}}, "classes": {"": {"executed_lines": [], "summary": {"covered_lines": 0, "num_statements": 0, "percent_covered": 100.0, "percent_covered_display": "100", "missing_lines": 0, "excluded_lines": 0, "percent_statements_covered": 100.0, "percent_statements_covered_display": "100", "num_branches": 0, "num_partial_branches": 0, "covered_branches": 0, "missing_branches": 0, "percent_branches_covered": 100.0, "percent_branches_covered_display": "100"}, "missing_lines": [], "excluded_lines": [], "start_line": 1, "executed_branches": [], "missing_branches": []}}}, "backend\\app\\config.py": {"executed_lines": [1, 3, 4, 5, 7, 10, 11, 12, 15, 16, 17, 18, 19, 25, 26, 27, 28, 29, 30, 31, 32, 34, 35, 36, 38, 39, 44, 53, 54, 55, 58], "summary": {"covered_lines": 31, "num_statements": 32, "percent_covered": 94.11764705882354, "percent_covered_display": "94", "missing_lines": 1, "excluded_lines": 0, "percent_statements_covered": 96.875, "percent_statements_covered_display": "97", "num_branches": 2, "num_partial_branches": 1, "covered_branches": 1, "missing_branches": 1, "percent_branches_covered": 50.0, "percent_branches_covered_display": "50"}, "missing_lines": [45], "excluded_lines": [], "executed_branches": [[44, 53]], "missing_branches": [[44, 45]], "functions": {"Settings.connection_string": {"executed_lines": [39, 44, 53, 54, 55], "summary": {"covered_lines": 5, "num_statements": 6, "percent_covered": 75.0, "percent_covered_display": "75", "missing_lines": 1, "excluded_lines": 0, "percent_statements_covered": 83.33333333333333, "percent_statements_covered_display": "83", "num_branches": 2, "num_partial_branches": 1, "covered_branches": 1, "missing_branches": 1, "percent_branches_covered": 50.0, "percent_branches_covered_display": "50"}, "missing_lines": [45], "excluded_lines": [], "start_line": 38, "executed_branches": [[44, 53]], "missing_branches": [[44, 45]]}, "": {"executed_lines": [1, 3, 4, 5, 7, 10, 11, 12, 15, 16, 17, 18, 19, 25, 26, 27, 28, 29, 30, 31, 32, 34, 35, 36, 38, 58], "summary": {"covered_lines": 26, "num_statements": 26, "percent_covered": 100.0, "percent_covered_display": "100", "missing_lines": 0, "excluded_lines": 0, "percent_statements_covered": 100.0, "percent_statements_covered_display": "100", "num_branches": 0, "num_partial_branches": 0, "covered_branches": 0, "missing_branches": 0, "percent_branches_covered": 100.0, "percent_branches_covered_display": "100"}, "missing_lines": [], "excluded_lines": [], "start_line": 1, "executed_branches": [], "missing_branches": []}}, "classes": {"Settings": {"executed_lines": [39, 44, 53, 54, 55], "summary": {"covered_lines": 5, "num_statements": 6, "percent_covered": 75.0, "percent_covered_display": "75", "missing_lines": 1, "excluded_lines": 0, "percent_statements_covered": 83.33333333333333, "percent_statements_covered_display": "83", "num_branches": 2, "num_partial_branches": 1, "covered_branches": 1, "missing_branches": 1, "percent_branches_covered": 50.0, "percent_branches_covered_display": "50"}, "missing_lines": [45], "excluded_lines": [], "start_line": 16, "executed_branches": [[44, 53]], "missing_branches": [[44, 45]]}, "": {"executed_lines": [1, 3, 4, 5, 7, 10, 11, 12, 15, 16, 17, 18, 19, 25, 26, 27, 28, 29, 30, 31, 32, 34, 35, 36, 38, 58], "summary": {"covered_lines": 26, "num_statements": 26, "percent_covered": 100.0, "percent_covered_display": "100", "missing_lines": 0, "excluded_lines": 0, "percent_statements_covered": 100.0, "percent_statements_covered_display": "100", "num_branches": 0, "num_partial_branches": 0, "covered_branches": 0, "missing_branches": 0, "percent_branches_covered": 100.0, "percent_branches_covered_display": "100"}, "missing_lines": [], "excluded_lines": [], "start_line": 1, "executed_branches": [], "missing_branches": []}}}, "backend\\app\\dao\\__init__.py": {"executed_lines": [], "summary": {"covered_lines": 0, "num_statements": 0, "percent_covered": 100.0, "percent_covered_display": "100", "missing_lines": 0, "excluded_lines": 0, "percent_statements_covered": 100.0, "percent_statements_covered_display": "100", "num_branches": 0, "num_partial_branches": 0, "covered_branches": 0, "missing_branches": 0, "percent_branches_covered": 100.0, "percent_branches_covered_display": "100"}, "missing_lines": [], "excluded_lines": [], "executed_branches": [], "missing_branches": [], "functions": {"": {"executed_lines": [], "summary": {"covered_lines": 0, "num_statements": 0, "percent_covered": 100.0, "percent_covered_display": "100", "missing_lines": 0, "excluded_lines": 0, "percent_statements_covered": 100.0, "percent_statements_covered_display": "100", "num_branches": 0, "num_partial_branches": 0, "covered_branches": 0, "missing_branches": 0, "percent_branches_covered": 100.0, "percent_branches_covered_display": "100"}, "missing_lines": [], "excluded_lines": [], "start_line": 1, "executed_branches": [], "missing_branches": []}}, "classes": {"": {"executed_lines": [], "summary": {"covered_lines": 0, "num_statements": 0, "percent_covered": 100.0, "percent_covered_display": "100", "missing_lines": 0, "excluded_lines": 0, "percent_statements_covered": 100.0, "percent_statements_covered_display": "100", "num_branches": 0, "num_partial_branches": 0, "covered_branches": 0, "missing_branches": 0, "percent_branches_covered": 100.0, "percent_branches_covered_display": "100"}, "missing_lines": [], "excluded_lines": [], "start_line": 1, "executed_branches": [], "missing_branches": []}}}, "backend\\app\\dao\\address_dao.py": {"executed_lines": [3, 5, 7, 10, 30, 31, 34, 35, 36, 37, 38, 39, 60, 83], "summary": {"covered_lines": 14, "num_statements": 26, "percent_covered": 46.875, "percent_covered_display": "47", "missing_lines": 12, "excluded_lines": 0, "percent_statements_covered": 53.84615384615385, "percent_statements_covered_display": "54", "num_branches": 6, "num_partial_branches": 1, "covered_branches": 1, "missing_branches": 5, "percent_branches_covered": 16.666666666666668, "percent_branches_covered_display": "17"}, "missing_lines": [11, 12, 25, 26, 27, 61, 62, 63, 64, 65, 84, 85], "excluded_lines": [], "executed_branches": [[37, 38]], "missing_branches": [[25, 26], [25, 27], [37, 39], [63, 64], [63, 65]], "functions": {"list_by_user": {"executed_lines": [], "summary": {"covered_lines": 0, "num_statements": 5, "percent_covered": 0.0, "percent_covered_display": "0", "missing_lines": 5, "excluded_lines": 0, "percent_statements_covered": 0.0, "percent_statements_covered_display": "0", "num_branches": 2, "num_partial_branches": 0, "covered_branches": 0, "missing_branches": 2, "percent_branches_covered": 0.0, "percent_branches_covered_display": "0"}, "missing_lines": [11, 12, 25, 26, 27], "excluded_lines": [], "start_line": 10, "executed_branches": [], "missing_branches": [[25, 26], [25, 27]]}, "split_address": {"executed_lines": [31], "summary": {"covered_lines": 1, "num_statements": 1, "percent_covered": 100.0, "percent_covered_display": "100", "missing_lines": 0, "excluded_lines": 0, "percent_statements_covered": 100.0, "percent_statements_covered_display": "100", "num_branches": 0, "num_partial_branches": 0, "covered_branches": 0, "missing_branches": 0, "percent_branches_covered": 100.0, "percent_branches_covered_display": "100"}, "missing_lines": [], "excluded_lines": [], "start_line": 30, "executed_branches": [], "missing_branches": []}, "create": {"executed_lines": [35, 36, 37, 38, 39], "summary": {"covered_lines": 5, "num_statements": 5, "percent_covered": 85.71428571428571, "percent_covered_display": "86", "missing_lines": 0, "excluded_lines": 0, "percent_statements_covered": 100.0, "percent_statements_covered_display": "100", "num_branches": 2, "num_partial_branches": 1, "covered_branches": 1, "missing_branches": 1, "percent_branches_covered": 50.0, "percent_branches_covered_display": "50"}, "missing_lines": [], "excluded_lines": [], "start_line": 34, "executed_branches": [[37, 38]], "missing_branches": [[37, 39]]}, "update": {"executed_lines": [], "summary": {"covered_lines": 0, "num_statements": 5, "percent_covered": 0.0, "percent_covered_display": "0", "missing_lines": 5, "excluded_lines": 0, "percent_statements_covered": 0.0, "percent_statements_covered_display": "0", "num_branches": 2, "num_partial_branches": 0, "covered_branches": 0, "missing_branches": 2, "percent_branches_covered": 0.0, "percent_branches_covered_display": "0"}, "missing_lines": [61, 62, 63, 64, 65], "excluded_lines": [], "start_line": 60, "executed_branches": [], "missing_branches": [[63, 64], [63, 65]]}, "delete": {"executed_lines": [], "summary": {"covered_lines": 0, "num_statements": 2, "percent_covered": 0.0, "percent_covered_display": "0", "missing_lines": 2, "excluded_lines": 0, "percent_statements_covered": 0.0, "percent_statements_covered_display": "0", "num_branches": 0, "num_partial_branches": 0, "covered_branches": 0, "missing_branches": 0, "percent_branches_covered": 100.0, "percent_branches_covered_display": "100"}, "missing_lines": [84, 85], "excluded_lines": [], "start_line": 83, "executed_branches": [], "missing_branches": []}, "": {"executed_lines": [3, 5, 7, 10, 30, 34, 60, 83], "summary": {"covered_lines": 8, "num_statements": 8, "percent_covered": 100.0, "percent_covered_display": "100", "missing_lines": 0, "excluded_lines": 0, "percent_statements_covered": 100.0, "percent_statements_covered_display": "100", "num_branches": 0, "num_partial_branches": 0, "covered_branches": 0, "missing_branches": 0, "percent_branches_covered": 100.0, "percent_branches_covered_display": "100"}, "missing_lines": [], "excluded_lines": [], "start_line": 1, "executed_branches": [], "missing_branches": []}}, "classes": {"": {"executed_lines": [3, 5, 7, 10, 30, 31, 34, 35, 36, 37, 38, 39, 60, 83], "summary": {"covered_lines": 14, "num_statements": 26, "percent_covered": 46.875, "percent_covered_display": "47", "missing_lines": 12, "excluded_lines": 0, "percent_statements_covered": 53.84615384615385, "percent_statements_covered_display": "54", "num_branches": 6, "num_partial_branches": 1, "covered_branches": 1, "missing_branches": 5, "percent_branches_covered": 16.666666666666668, "percent_branches_covered_display": "17"}, "missing_lines": [11, 12, 25, 26, 27, 61, 62, 63, 64, 65, 84, 85], "excluded_lines": [], "start_line": 1, "executed_branches": [[37, 38]], "missing_branches": [[25, 26], [25, 27], [37, 39], [63, 64], [63, 65]]}}}, "backend\\app\\dao\\book_dao.py": {"executed_lines": [3, 5, 7, 9, 12, 15, 46, 47, 48, 60, 68, 69, 70, 73, 76, 78, 79, 80, 81, 82, 83, 84, 85, 87, 93, 94, 97, 98, 99, 102, 119, 128, 147, 170, 185, 190, 191, 192, 193, 194, 197, 202, 203, 204, 205, 207, 209, 210, 235, 252, 284], "summary": {"covered_lines": 51, "num_statements": 91, "percent_covered": 54.78260869565217, "percent_covered_display": "55", "missing_lines": 40, "excluded_lines": 0, "percent_statements_covered": 56.043956043956044, "percent_statements_covered_display": "56", "num_branches": 24, "num_partial_branches": 6, "covered_branches": 12, "missing_branches": 12, "percent_branches_covered": 50.0, "percent_branches_covered_display": "50"}, "missing_lines": [71, 72, 74, 75, 77, 103, 104, 120, 121, 125, 129, 130, 131, 132, 133, 148, 149, 150, 156, 171, 172, 186, 187, 198, 199, 206, 208, 231, 232, 233, 234, 253, 254, 255, 256, 257, 275, 281, 285, 286], "excluded_lines": [], "executed_branches": [[70, 73], [73, 76], [76, 78], [78, 79], [80, 81], [80, 83], [83, 84], [83, 87], [191, 192], [191, 193], [205, 207], [207, 209]], "missing_branches": [[70, 71], [73, 74], [76, 77], [78, 87], [131, 132], [131, 133], [205, 206], [207, 208], [232, 233], [232, 234], [255, 256], [255, 257]], "functions": {"list_categories": {"executed_lines": [47, 48], "summary": {"covered_lines": 2, "num_statements": 2, "percent_covered": 100.0, "percent_covered_display": "100", "missing_lines": 0, "excluded_lines": 0, "percent_statements_covered": 100.0, "percent_statements_covered_display": "100", "num_branches": 0, "num_partial_branches": 0, "covered_branches": 0, "missing_branches": 0, "percent_branches_covered": 100.0, "percent_branches_covered_display": "100"}, "missing_lines": [], "excluded_lines": [], "start_line": 46, "executed_branches": [], "missing_branches": []}, "list_books": {"executed_lines": [68, 69, 70, 73, 76, 78, 79, 80, 81, 82, 83, 84, 85, 87, 93, 94], "summary": {"covered_lines": 16, "num_statements": 21, "percent_covered": 72.72727272727273, "percent_covered_display": "73", "missing_lines": 5, "excluded_lines": 0, "percent_statements_covered": 76.19047619047619, "percent_statements_covered_display": "76", "num_branches": 12, "num_partial_branches": 4, "covered_branches": 8, "missing_branches": 4, "percent_branches_covered": 66.66666666666667, "percent_branches_covered_display": "67"}, "missing_lines": [71, 72, 74, 75, 77], "excluded_lines": [], "start_line": 60, "executed_branches": [[70, 73], [73, 76], [76, 78], [78, 79], [80, 81], [80, 83], [83, 84], [83, 87]], "missing_branches": [[70, 71], [73, 74], [76, 77], [78, 87]]}, "get_detail": {"executed_lines": [98, 99], "summary": {"covered_lines": 2, "num_statements": 2, "percent_covered": 100.0, "percent_covered_display": "100", "missing_lines": 0, "excluded_lines": 0, "percent_statements_covered": 100.0, "percent_statements_covered_display": "100", "num_branches": 0, "num_partial_branches": 0, "covered_branches": 0, "missing_branches": 0, "percent_branches_covered": 100.0, "percent_branches_covered_display": "100"}, "missing_lines": [], "excluded_lines": [], "start_line": 97, "executed_branches": [], "missing_branches": []}, "get_reviews": {"executed_lines": [], "summary": {"covered_lines": 0, "num_statements": 2, "percent_covered": 0.0, "percent_covered_display": "0", "missing_lines": 2, "excluded_lines": 0, "percent_statements_covered": 0.0, "percent_statements_covered_display": "0", "num_branches": 0, "num_partial_branches": 0, "covered_branches": 0, "missing_branches": 0, "percent_branches_covered": 100.0, "percent_branches_covered_display": "100"}, "missing_lines": [103, 104], "excluded_lines": [], "start_line": 102, "executed_branches": [], "missing_branches": []}, "average_rating": {"executed_lines": [], "summary": {"covered_lines": 0, "num_statements": 3, "percent_covered": 0.0, "percent_covered_display": "0", "missing_lines": 3, "excluded_lines": 0, "percent_statements_covered": 0.0, "percent_statements_covered_display": "0", "num_branches": 0, "num_partial_branches": 0, "covered_branches": 0, "missing_branches": 0, "percent_branches_covered": 100.0, "percent_branches_covered_display": "100"}, "missing_lines": [120, 121, 125], "excluded_lines": [], "start_line": 119, "executed_branches": [], "missing_branches": []}, "get_similar_same_store_category": {"executed_lines": [], "summary": {"covered_lines": 0, "num_statements": 5, "percent_covered": 0.0, "percent_covered_display": "0", "missing_lines": 5, "excluded_lines": 0, "percent_statements_covered": 0.0, "percent_statements_covered_display": "0", "num_branches": 2, "num_partial_branches": 0, "covered_branches": 0, "missing_branches": 2, "percent_branches_covered": 0.0, "percent_branches_covered_display": "0"}, "missing_lines": [129, 130, 131, 132, 133], "excluded_lines": [], "start_line": 128, "executed_branches": [], "missing_branches": [[131, 132], [131, 133]]}, "save_search_history": {"executed_lines": [], "summary": {"covered_lines": 0, "num_statements": 4, "percent_covered": 0.0, "percent_covered_display": "0", "missing_lines": 4, "excluded_lines": 0, "percent_statements_covered": 0.0, "percent_statements_covered_display": "0", "num_branches": 0, "num_partial_branches": 0, "covered_branches": 0, "missing_branches": 0, "percent_branches_covered": 100.0, "percent_branches_covered_display": "100"}, "missing_lines": [148, 149, 150, 156], "excluded_lines": [], "start_line": 147, "executed_branches": [], "missing_branches": []}, "latest_searches": {"executed_lines": [], "summary": {"covered_lines": 0, "num_statements": 2, "percent_covered": 0.0, "percent_covered_display": "0", "missing_lines": 2, "excluded_lines": 0, "percent_statements_covered": 0.0, "percent_statements_covered_display": "0", "num_branches": 0, "num_partial_branches": 0, "covered_branches": 0, "missing_branches": 0, "percent_branches_covered": 100.0, "percent_branches_covered_display": "100"}, "missing_lines": [171, 172], "excluded_lines": [], "start_line": 170, "executed_branches": [], "missing_branches": []}, "latest_search_keywords": {"executed_lines": [], "summary": {"covered_lines": 0, "num_statements": 2, "percent_covered": 0.0, "percent_covered_display": "0", "missing_lines": 2, "excluded_lines": 0, "percent_statements_covered": 0.0, "percent_statements_covered_display": "0", "num_branches": 0, "num_partial_branches": 0, "covered_branches": 0, "missing_branches": 0, "percent_branches_covered": 100.0, "percent_branches_covered_display": "100"}, "missing_lines": [186, 187], "excluded_lines": [], "start_line": 185, "executed_branches": [], "missing_branches": []}, "_clean_text": {"executed_lines": [191, 192, 193, 194], "summary": {"covered_lines": 4, "num_statements": 4, "percent_covered": 100.0, "percent_covered_display": "100", "missing_lines": 0, "excluded_lines": 0, "percent_statements_covered": 100.0, "percent_statements_covered_display": "100", "num_branches": 2, "num_partial_branches": 0, "covered_branches": 2, "missing_branches": 0, "percent_branches_covered": 100.0, "percent_branches_covered_display": "100"}, "missing_lines": [], "excluded_lines": [], "start_line": 190, "executed_branches": [[191, 192], [191, 193]], "missing_branches": []}, "_is_duplicate_isbn_error": {"executed_lines": [], "summary": {"covered_lines": 0, "num_statements": 2, "percent_covered": 0.0, "percent_covered_display": "0", "missing_lines": 2, "excluded_lines": 0, "percent_statements_covered": 0.0, "percent_statements_covered_display": "0", "num_branches": 0, "num_partial_branches": 0, "covered_branches": 0, "missing_branches": 0, "percent_branches_covered": 100.0, "percent_branches_covered_display": "100"}, "missing_lines": [198, 199], "excluded_lines": [], "start_line": 197, "executed_branches": [], "missing_branches": []}, "create_book": {"executed_lines": [203, 204, 205, 207, 209, 210, 235], "summary": {"covered_lines": 7, "num_statements": 13, "percent_covered": 47.36842105263158, "percent_covered_display": "47", "missing_lines": 6, "excluded_lines": 0, "percent_statements_covered": 53.84615384615385, "percent_statements_covered_display": "54", "num_branches": 6, "num_partial_branches": 2, "covered_branches": 2, "missing_branches": 4, "percent_branches_covered": 33.333333333333336, "percent_branches_covered_display": "33"}, "missing_lines": [206, 208, 231, 232, 233, 234], "excluded_lines": [], "start_line": 202, "executed_branches": [[205, 207], [207, 209]], "missing_branches": [[205, 206], [207, 208], [232, 233], [232, 234]]}, "update_book": {"executed_lines": [], "summary": {"covered_lines": 0, "num_statements": 7, "percent_covered": 0.0, "percent_covered_display": "0", "missing_lines": 7, "excluded_lines": 0, "percent_statements_covered": 0.0, "percent_statements_covered_display": "0", "num_branches": 2, "num_partial_branches": 0, "covered_branches": 0, "missing_branches": 2, "percent_branches_covered": 0.0, "percent_branches_covered_display": "0"}, "missing_lines": [253, 254, 255, 256, 257, 275, 281], "excluded_lines": [], "start_line": 252, "executed_branches": [], "missing_branches": [[255, 256], [255, 257]]}, "set_status": {"executed_lines": [], "summary": {"covered_lines": 0, "num_statements": 2, "percent_covered": 0.0, "percent_covered_display": "0", "missing_lines": 2, "excluded_lines": 0, "percent_statements_covered": 0.0, "percent_statements_covered_display": "0", "num_branches": 0, "num_partial_branches": 0, "covered_branches": 0, "missing_branches": 0, "percent_branches_covered": 100.0, "percent_branches_covered_display": "100"}, "missing_lines": [285, 286], "excluded_lines": [], "start_line": 284, "executed_branches": [], "missing_branches": []}, "": {"executed_lines": [3, 5, 7, 9, 12, 15, 46, 60, 97, 102, 119, 128, 147, 170, 185, 190, 197, 202, 252, 284], "summary": {"covered_lines": 20, "num_statements": 20, "percent_covered": 100.0, "percent_covered_display": "100", "missing_lines": 0, "excluded_lines": 0, "percent_statements_covered": 100.0, "percent_statements_covered_display": "100", "num_branches": 0, "num_partial_branches": 0, "covered_branches": 0, "missing_branches": 0, "percent_branches_covered": 100.0, "percent_branches_covered_display": "100"}, "missing_lines": [], "excluded_lines": [], "start_line": 1, "executed_branches": [], "missing_branches": []}}, "classes": {"": {"executed_lines": [3, 5, 7, 9, 12, 15, 46, 47, 48, 60, 68, 69, 70, 73, 76, 78, 79, 80, 81, 82, 83, 84, 85, 87, 93, 94, 97, 98, 99, 102, 119, 128, 147, 170, 185, 190, 191, 192, 193, 194, 197, 202, 203, 204, 205, 207, 209, 210, 235, 252, 284], "summary": {"covered_lines": 51, "num_statements": 91, "percent_covered": 54.78260869565217, "percent_covered_display": "55", "missing_lines": 40, "excluded_lines": 0, "percent_statements_covered": 56.043956043956044, "percent_statements_covered_display": "56", "num_branches": 24, "num_partial_branches": 6, "covered_branches": 12, "missing_branches": 12, "percent_branches_covered": 50.0, "percent_branches_covered_display": "50"}, "missing_lines": [71, 72, 74, 75, 77, 103, 104, 120, 121, 125, 129, 130, 131, 132, 133, 148, 149, 150, 156, 171, 172, 186, 187, 198, 199, 206, 208, 231, 232, 233, 234, 253, 254, 255, 256, 257, 275, 281, 285, 286], "excluded_lines": [], "start_line": 1, "executed_branches": [[70, 73], [73, 76], [76, 78], [78, 79], [80, 81], [80, 83], [83, 84], [83, 87], [191, 192], [191, 193], [205, 207], [207, 209]], "missing_branches": [[70, 71], [73, 74], [76, 77], [78, 87], [131, 132], [131, 133], [205, 206], [207, 208], [232, 233], [232, 234], [255, 256], [255, 257]]}}}, "backend\\app\\dao\\cart_dao.py": {"executed_lines": [3, 5, 7, 8, 11, 12, 13, 30, 31, 32, 36, 39, 40, 41, 48, 55, 63, 73, 82], "summary": {"covered_lines": 19, "num_statements": 29, "percent_covered": 60.60606060606061, "percent_covered_display": "61", "missing_lines": 10, "excluded_lines": 0, "percent_statements_covered": 65.51724137931035, "percent_statements_covered_display": "66", "num_branches": 4, "num_partial_branches": 1, "covered_branches": 1, "missing_branches": 3, "percent_branches_covered": 25.0, "percent_branches_covered_display": "25"}, "missing_lines": [49, 64, 65, 74, 75, 83, 84, 85, 86, 87], "excluded_lines": [], "executed_branches": [[48, 55]], "missing_branches": [[48, 49], [83, 84], [83, 85]], "functions": {"list_items": {"executed_lines": [12, 13], "summary": {"covered_lines": 2, "num_statements": 2, "percent_covered": 100.0, "percent_covered_display": "100", "missing_lines": 0, "excluded_lines": 0, "percent_statements_covered": 100.0, "percent_statements_covered_display": "100", "num_branches": 0, "num_partial_branches": 0, "covered_branches": 0, "missing_branches": 0, "percent_branches_covered": 100.0, "percent_branches_covered_display": "100"}, "missing_lines": [], "excluded_lines": [], "start_line": 11, "executed_branches": [], "missing_branches": []}, "get_stock": {"executed_lines": [31, 32, 36], "summary": {"covered_lines": 3, "num_statements": 3, "percent_covered": 100.0, "percent_covered_display": "100", "missing_lines": 0, "excluded_lines": 0, "percent_statements_covered": 100.0, "percent_statements_covered_display": "100", "num_branches": 0, "num_partial_branches": 0, "covered_branches": 0, "missing_branches": 0, "percent_branches_covered": 100.0, "percent_branches_covered_display": "100"}, "missing_lines": [], "excluded_lines": [], "start_line": 30, "executed_branches": [], "missing_branches": []}, "add": {"executed_lines": [40, 41, 48, 55], "summary": {"covered_lines": 4, "num_statements": 5, "percent_covered": 71.42857142857143, "percent_covered_display": "71", "missing_lines": 1, "excluded_lines": 0, "percent_statements_covered": 80.0, "percent_statements_covered_display": "80", "num_branches": 2, "num_partial_branches": 1, "covered_branches": 1, "missing_branches": 1, "percent_branches_covered": 50.0, "percent_branches_covered_display": "50"}, "missing_lines": [49], "excluded_lines": [], "start_line": 39, "executed_branches": [[48, 55]], "missing_branches": [[48, 49]]}, "update_quantity": {"executed_lines": [], "summary": {"covered_lines": 0, "num_statements": 2, "percent_covered": 0.0, "percent_covered_display": "0", "missing_lines": 2, "excluded_lines": 0, "percent_statements_covered": 0.0, "percent_statements_covered_display": "0", "num_branches": 0, "num_partial_branches": 0, "covered_branches": 0, "missing_branches": 0, "percent_branches_covered": 100.0, "percent_branches_covered_display": "100"}, "missing_lines": [64, 65], "excluded_lines": [], "start_line": 63, "executed_branches": [], "missing_branches": []}, "remove": {"executed_lines": [], "summary": {"covered_lines": 0, "num_statements": 2, "percent_covered": 0.0, "percent_covered_display": "0", "missing_lines": 2, "excluded_lines": 0, "percent_statements_covered": 0.0, "percent_statements_covered_display": "0", "num_branches": 0, "num_partial_branches": 0, "covered_branches": 0, "missing_branches": 0, "percent_branches_covered": 100.0, "percent_branches_covered_display": "100"}, "missing_lines": [74, 75], "excluded_lines": [], "start_line": 73, "executed_branches": [], "missing_branches": []}, "clear": {"executed_lines": [], "summary": {"covered_lines": 0, "num_statements": 5, "percent_covered": 0.0, "percent_covered_display": "0", "missing_lines": 5, "excluded_lines": 0, "percent_statements_covered": 0.0, "percent_statements_covered_display": "0", "num_branches": 2, "num_partial_branches": 0, "covered_branches": 0, "missing_branches": 2, "percent_branches_covered": 0.0, "percent_branches_covered_display": "0"}, "missing_lines": [83, 84, 85, 86, 87], "excluded_lines": [], "start_line": 82, "executed_branches": [], "missing_branches": [[83, 84], [83, 85]]}, "": {"executed_lines": [3, 5, 7, 8, 11, 30, 39, 63, 73, 82], "summary": {"covered_lines": 10, "num_statements": 10, "percent_covered": 100.0, "percent_covered_display": "100", "missing_lines": 0, "excluded_lines": 0, "percent_statements_covered": 100.0, "percent_statements_covered_display": "100", "num_branches": 0, "num_partial_branches": 0, "covered_branches": 0, "missing_branches": 0, "percent_branches_covered": 100.0, "percent_branches_covered_display": "100"}, "missing_lines": [], "excluded_lines": [], "start_line": 1, "executed_branches": [], "missing_branches": []}}, "classes": {"": {"executed_lines": [3, 5, 7, 8, 11, 12, 13, 30, 31, 32, 36, 39, 40, 41, 48, 55, 63, 73, 82], "summary": {"covered_lines": 19, "num_statements": 29, "percent_covered": 60.60606060606061, "percent_covered_display": "61", "missing_lines": 10, "excluded_lines": 0, "percent_statements_covered": 65.51724137931035, "percent_statements_covered_display": "66", "num_branches": 4, "num_partial_branches": 1, "covered_branches": 1, "missing_branches": 3, "percent_branches_covered": 25.0, "percent_branches_covered_display": "25"}, "missing_lines": [49, 64, 65, 74, 75, 83, 84, 85, 86, 87], "excluded_lines": [], "start_line": 1, "executed_branches": [[48, 55]], "missing_branches": [[48, 49], [83, 84], [83, 85]]}}}, "backend\\app\\dao\\order_dao.py": {"executed_lines": [3, 5, 6, 8, 10, 13, 14, 15, 16, 19, 20, 21, 30, 33, 34, 43, 44, 45, 48, 54, 56, 57, 58, 59, 60, 76, 78, 79, 81, 83, 95, 96, 98, 110, 113, 114, 115, 116, 144, 147, 148, 165, 167, 168, 169, 171, 180, 181, 182, 183, 184, 185, 186, 193, 194, 195, 196, 197, 198, 200, 212, 213, 214, 215, 217, 218, 229, 230, 231, 232, 233, 239, 240, 247, 248, 254, 261, 262, 277, 278, 279, 282, 283, 284, 285, 299, 300, 301, 302, 306, 307, 308, 326, 333, 334, 335, 336, 339, 340, 341, 342, 349, 351, 353, 354, 364, 372, 373, 376, 377, 378, 379, 386, 388, 390, 396, 398, 404, 406, 422, 443, 444, 446, 456, 459, 466, 467, 468, 469, 470, 479, 480, 482, 484, 486, 489, 491, 492, 505], "summary": {"covered_lines": 139, "num_statements": 186, "percent_covered": 70.99236641221374, "percent_covered_display": "71", "missing_lines": 47, "excluded_lines": 0, "percent_statements_covered": 74.73118279569893, "percent_statements_covered_display": "75", "num_branches": 76, "num_partial_branches": 21, "covered_branches": 47, "missing_branches": 29, "percent_branches_covered": 61.8421052631579, "percent_branches_covered_display": "62"}, "missing_lines": [55, 77, 80, 82, 111, 117, 133, 134, 135, 136, 137, 140, 141, 142, 163, 164, 166, 170, 327, 328, 329, 330, 350, 352, 387, 389, 397, 405, 423, 424, 425, 439, 440, 445, 460, 461, 462, 463, 481, 483, 485, 487, 488, 490, 503, 504, 506], "excluded_lines": [], "executed_branches": [[43, 44], [43, 45], [54, 56], [76, 78], [78, 79], [78, 83], [79, 81], [81, 78], [95, 96], [95, 98], [110, 113], [116, 144], [165, 167], [169, 171], [183, 184], [183, 185], [193, 194], [193, 195], [195, 196], [195, 197], [197, 198], [197, 200], [212, 213], [212, 214], [214, 215], [214, 217], [231, 232], [231, 233], [277, 278], [277, 279], [283, 284], [283, 285], [349, 351], [351, 353], [386, 388], [388, 390], [396, 398], [404, 406], [444, 446], [446, -443], [446, 456], [480, 482], [482, 484], [484, 486], [486, 489], [489, 491], [505, -466]], "missing_branches": [[54, 55], [76, 77], [79, 80], [81, 82], [110, 111], [116, 117], [133, 134], [133, 135], [135, 136], [135, 137], [137, 140], [137, 141], [165, 166], [169, 170], [349, 350], [351, 352], [386, 387], [388, 389], [396, 397], [404, 405], [424, 425], [424, 439], [444, 445], [480, 481], [482, 483], [484, 485], [486, 487], [489, 490], [505, 506]], "functions": {"_payment_method_name": {"executed_lines": [14, 15, 16], "summary": {"covered_lines": 3, "num_statements": 3, "percent_covered": 100.0, "percent_covered_display": "100", "missing_lines": 0, "excluded_lines": 0, "percent_statements_covered": 100.0, "percent_statements_covered_display": "100", "num_branches": 0, "num_partial_branches": 0, "covered_branches": 0, "missing_branches": 0, "percent_branches_covered": 100.0, "percent_branches_covered_display": "100"}, "missing_lines": [], "excluded_lines": [], "start_line": 13, "executed_branches": [], "missing_branches": []}, "_procedure_error": {"executed_lines": [20, 21, 30], "summary": {"covered_lines": 3, "num_statements": 3, "percent_covered": 100.0, "percent_covered_display": "100", "missing_lines": 0, "excluded_lines": 0, "percent_statements_covered": 100.0, "percent_statements_covered_display": "100", "num_branches": 0, "num_partial_branches": 0, "covered_branches": 0, "missing_branches": 0, "percent_branches_covered": 100.0, "percent_branches_covered_display": "100"}, "missing_lines": [], "excluded_lines": [], "start_line": 19, "executed_branches": [], "missing_branches": []}, "_next_no": {"executed_lines": [34, 43, 44, 45], "summary": {"covered_lines": 4, "num_statements": 4, "percent_covered": 100.0, "percent_covered_display": "100", "missing_lines": 0, "excluded_lines": 0, "percent_statements_covered": 100.0, "percent_statements_covered_display": "100", "num_branches": 2, "num_partial_branches": 0, "covered_branches": 2, "missing_branches": 0, "percent_branches_covered": 100.0, "percent_branches_covered_display": "100"}, "missing_lines": [], "excluded_lines": [], "start_line": 33, "executed_branches": [[43, 44], [43, 45]], "missing_branches": []}, "create_from_cart": {"executed_lines": [54, 56, 57, 58, 59, 60, 76, 78, 79, 81, 83, 95, 96, 98, 110, 113, 114, 115, 116, 144, 147, 148, 165, 167, 168, 169, 171], "summary": {"covered_lines": 27, "num_statements": 45, "percent_covered": 54.929577464788736, "percent_covered_display": "55", "missing_lines": 18, "excluded_lines": 0, "percent_statements_covered": 60.0, "percent_statements_covered_display": "60", "num_branches": 26, "num_partial_branches": 8, "covered_branches": 12, "missing_branches": 14, "percent_branches_covered": 46.15384615384615, "percent_branches_covered_display": "46"}, "missing_lines": [55, 77, 80, 82, 111, 117, 133, 134, 135, 136, 137, 140, 141, 142, 163, 164, 166, 170], "excluded_lines": [], "start_line": 48, "executed_branches": [[54, 56], [76, 78], [78, 79], [78, 83], [79, 81], [81, 78], [95, 96], [95, 98], [110, 113], [116, 144], [165, 167], [169, 171]], "missing_branches": [[54, 55], [76, 77], [79, 80], [81, 82], [110, 111], [116, 117], [133, 134], [133, 135], [135, 136], [135, 137], [137, 140], [137, 141], [165, 166], [169, 170]]}, "pay": {"executed_lines": [181, 182, 183, 184, 185, 186, 193, 194, 195, 196, 197, 198, 200, 212, 213, 214, 215, 217, 218, 229, 230, 231, 232, 233, 239, 240], "summary": {"covered_lines": 26, "num_statements": 26, "percent_covered": 100.0, "percent_covered_display": "100", "missing_lines": 0, "excluded_lines": 0, "percent_statements_covered": 100.0, "percent_statements_covered_display": "100", "num_branches": 14, "num_partial_branches": 0, "covered_branches": 14, "missing_branches": 0, "percent_branches_covered": 100.0, "percent_branches_covered_display": "100"}, "missing_lines": [], "excluded_lines": [], "start_line": 180, "executed_branches": [[183, 184], [183, 185], [193, 194], [193, 195], [195, 196], [195, 197], [197, 198], [197, 200], [212, 213], [212, 214], [214, 215], [214, 217], [231, 232], [231, 233]], "missing_branches": []}, "_payment_success": {"executed_lines": [248, 254], "summary": {"covered_lines": 2, "num_statements": 2, "percent_covered": 100.0, "percent_covered_display": "100", "missing_lines": 0, "excluded_lines": 0, "percent_statements_covered": 100.0, "percent_statements_covered_display": "100", "num_branches": 0, "num_partial_branches": 0, "covered_branches": 0, "missing_branches": 0, "percent_branches_covered": 100.0, "percent_branches_covered_display": "100"}, "missing_lines": [], "excluded_lines": [], "start_line": 247, "executed_branches": [], "missing_branches": []}, "_order_items": {"executed_lines": [262, 277, 278, 279], "summary": {"covered_lines": 4, "num_statements": 4, "percent_covered": 100.0, "percent_covered_display": "100", "missing_lines": 0, "excluded_lines": 0, "percent_statements_covered": 100.0, "percent_statements_covered_display": "100", "num_branches": 2, "num_partial_branches": 0, "covered_branches": 2, "missing_branches": 0, "percent_branches_covered": 100.0, "percent_branches_covered_display": "100"}, "missing_lines": [], "excluded_lines": [], "start_line": 261, "executed_branches": [[277, 278], [277, 279]], "missing_branches": []}, "_points_earned": {"executed_lines": [283, 284, 285], "summary": {"covered_lines": 3, "num_statements": 3, "percent_covered": 100.0, "percent_covered_display": "100", "missing_lines": 0, "excluded_lines": 0, "percent_statements_covered": 100.0, "percent_statements_covered_display": "100", "num_branches": 2, "num_partial_branches": 0, "covered_branches": 2, "missing_branches": 0, "percent_branches_covered": 100.0, "percent_branches_covered_display": "100"}, "missing_lines": [], "excluded_lines": [], "start_line": 282, "executed_branches": [[283, 284], [283, 285]], "missing_branches": []}, "public_order": {"executed_lines": [300, 301, 302, 306, 307, 308], "summary": {"covered_lines": 6, "num_statements": 6, "percent_covered": 100.0, "percent_covered_display": "100", "missing_lines": 0, "excluded_lines": 0, "percent_statements_covered": 100.0, "percent_statements_covered_display": "100", "num_branches": 0, "num_partial_branches": 0, "covered_branches": 0, "missing_branches": 0, "percent_branches_covered": 100.0, "percent_branches_covered_display": "100"}, "missing_lines": [], "excluded_lines": [], "start_line": 299, "executed_branches": [], "missing_branches": []}, "list_orders": {"executed_lines": [], "summary": {"covered_lines": 0, "num_statements": 4, "percent_covered": 0.0, "percent_covered_display": "0", "missing_lines": 4, "excluded_lines": 0, "percent_statements_covered": 0.0, "percent_statements_covered_display": "0", "num_branches": 0, "num_partial_branches": 0, "covered_branches": 0, "missing_branches": 0, "percent_branches_covered": 100.0, "percent_branches_covered_display": "100"}, "missing_lines": [327, 328, 329, 330], "excluded_lines": [], "start_line": 326, "executed_branches": [], "missing_branches": []}, "get_detail": {"executed_lines": [334, 335, 336], "summary": {"covered_lines": 3, "num_statements": 3, "percent_covered": 100.0, "percent_covered_display": "100", "missing_lines": 0, "excluded_lines": 0, "percent_statements_covered": 100.0, "percent_statements_covered_display": "100", "num_branches": 0, "num_partial_branches": 0, "covered_branches": 0, "missing_branches": 0, "percent_branches_covered": 100.0, "percent_branches_covered_display": "100"}, "missing_lines": [], "excluded_lines": [], "start_line": 333, "executed_branches": [], "missing_branches": []}, "cancel": {"executed_lines": [340, 341, 342, 349, 351, 353, 354, 364, 372, 373], "summary": {"covered_lines": 10, "num_statements": 12, "percent_covered": 75.0, "percent_covered_display": "75", "missing_lines": 2, "excluded_lines": 0, "percent_statements_covered": 83.33333333333333, "percent_statements_covered_display": "83", "num_branches": 4, "num_partial_branches": 2, "covered_branches": 2, "missing_branches": 2, "percent_branches_covered": 50.0, "percent_branches_covered_display": "50"}, "missing_lines": [350, 352], "excluded_lines": [], "start_line": 339, "executed_branches": [[349, 351], [351, 353]], "missing_branches": [[349, 350], [351, 352]]}, "refund": {"executed_lines": [377, 378, 379, 386, 388, 390, 396, 398, 404, 406], "summary": {"covered_lines": 10, "num_statements": 14, "percent_covered": 63.63636363636363, "percent_covered_display": "64", "missing_lines": 4, "excluded_lines": 0, "percent_statements_covered": 71.42857142857143, "percent_statements_covered_display": "71", "num_branches": 8, "num_partial_branches": 4, "covered_branches": 4, "missing_branches": 4, "percent_branches_covered": 50.0, "percent_branches_covered_display": "50"}, "missing_lines": [387, 389, 397, 405], "excluded_lines": [], "start_line": 376, "executed_branches": [[386, 388], [388, 390], [396, 398], [404, 406]], "missing_branches": [[386, 387], [388, 389], [396, 397], [404, 405]]}, "list_admin_orders": {"executed_lines": [], "summary": {"covered_lines": 0, "num_statements": 5, "percent_covered": 0.0, "percent_covered_display": "0", "missing_lines": 5, "excluded_lines": 0, "percent_statements_covered": 0.0, "percent_statements_covered_display": "0", "num_branches": 2, "num_partial_branches": 0, "covered_branches": 0, "missing_branches": 2, "percent_branches_covered": 0.0, "percent_branches_covered_display": "0"}, "missing_lines": [423, 424, 425, 439, 440], "excluded_lines": [], "start_line": 422, "executed_branches": [], "missing_branches": [[424, 425], [424, 439]]}, "_require_order_scope": {"executed_lines": [444, 446, 456], "summary": {"covered_lines": 3, "num_statements": 4, "percent_covered": 75.0, "percent_covered_display": "75", "missing_lines": 1, "excluded_lines": 0, "percent_statements_covered": 75.0, "percent_statements_covered_display": "75", "num_branches": 4, "num_partial_branches": 1, "covered_branches": 3, "missing_branches": 1, "percent_branches_covered": 75.0, "percent_branches_covered_display": "75"}, "missing_lines": [445], "excluded_lines": [], "start_line": 443, "executed_branches": [[444, 446], [446, -443], [446, 456]], "missing_branches": [[444, 445]]}, "update_status": {"executed_lines": [], "summary": {"covered_lines": 0, "num_statements": 4, "percent_covered": 0.0, "percent_covered_display": "0", "missing_lines": 4, "excluded_lines": 0, "percent_statements_covered": 0.0, "percent_statements_covered_display": "0", "num_branches": 0, "num_partial_branches": 0, "covered_branches": 0, "missing_branches": 0, "percent_branches_covered": 100.0, "percent_branches_covered_display": "100"}, "missing_lines": [460, 461, 462, 463], "excluded_lines": [], "start_line": 459, "executed_branches": [], "missing_branches": []}, "handle_refund": {"executed_lines": [467, 468, 469, 470, 479, 480, 482, 484, 486, 489, 491, 492, 505], "summary": {"covered_lines": 13, "num_statements": 22, "percent_covered": 55.88235294117647, "percent_covered_display": "56", "missing_lines": 9, "excluded_lines": 0, "percent_statements_covered": 59.09090909090909, "percent_statements_covered_display": "59", "num_branches": 12, "num_partial_branches": 6, "covered_branches": 6, "missing_branches": 6, "percent_branches_covered": 50.0, "percent_branches_covered_display": "50"}, "missing_lines": [481, 483, 485, 487, 488, 490, 503, 504, 506], "excluded_lines": [], "start_line": 466, "executed_branches": [[480, 482], [482, 484], [484, 486], [486, 489], [489, 491], [505, -466]], "missing_branches": [[480, 481], [482, 483], [484, 485], [486, 487], [489, 490], [505, 506]]}, "": {"executed_lines": [3, 5, 6, 8, 10, 13, 19, 33, 48, 180, 247, 261, 282, 299, 326, 333, 339, 376, 422, 443, 459, 466], "summary": {"covered_lines": 22, "num_statements": 22, "percent_covered": 100.0, "percent_covered_display": "100", "missing_lines": 0, "excluded_lines": 0, "percent_statements_covered": 100.0, "percent_statements_covered_display": "100", "num_branches": 0, "num_partial_branches": 0, "covered_branches": 0, "missing_branches": 0, "percent_branches_covered": 100.0, "percent_branches_covered_display": "100"}, "missing_lines": [], "excluded_lines": [], "start_line": 1, "executed_branches": [], "missing_branches": []}}, "classes": {"": {"executed_lines": [3, 5, 6, 8, 10, 13, 14, 15, 16, 19, 20, 21, 30, 33, 34, 43, 44, 45, 48, 54, 56, 57, 58, 59, 60, 76, 78, 79, 81, 83, 95, 96, 98, 110, 113, 114, 115, 116, 144, 147, 148, 165, 167, 168, 169, 171, 180, 181, 182, 183, 184, 185, 186, 193, 194, 195, 196, 197, 198, 200, 212, 213, 214, 215, 217, 218, 229, 230, 231, 232, 233, 239, 240, 247, 248, 254, 261, 262, 277, 278, 279, 282, 283, 284, 285, 299, 300, 301, 302, 306, 307, 308, 326, 333, 334, 335, 336, 339, 340, 341, 342, 349, 351, 353, 354, 364, 372, 373, 376, 377, 378, 379, 386, 388, 390, 396, 398, 404, 406, 422, 443, 444, 446, 456, 459, 466, 467, 468, 469, 470, 479, 480, 482, 484, 486, 489, 491, 492, 505], "summary": {"covered_lines": 139, "num_statements": 186, "percent_covered": 70.99236641221374, "percent_covered_display": "71", "missing_lines": 47, "excluded_lines": 0, "percent_statements_covered": 74.73118279569893, "percent_statements_covered_display": "75", "num_branches": 76, "num_partial_branches": 21, "covered_branches": 47, "missing_branches": 29, "percent_branches_covered": 61.8421052631579, "percent_branches_covered_display": "62"}, "missing_lines": [55, 77, 80, 82, 111, 117, 133, 134, 135, 136, 137, 140, 141, 142, 163, 164, 166, 170, 327, 328, 329, 330, 350, 352, 387, 389, 397, 405, 423, 424, 425, 439, 440, 445, 460, 461, 462, 463, 481, 483, 485, 487, 488, 490, 503, 504, 506], "excluded_lines": [], "start_line": 1, "executed_branches": [[43, 44], [43, 45], [54, 56], [76, 78], [78, 79], [78, 83], [79, 81], [81, 78], [95, 96], [95, 98], [110, 113], [116, 144], [165, 167], [169, 171], [183, 184], [183, 185], [193, 194], [193, 195], [195, 196], [195, 197], [197, 198], [197, 200], [212, 213], [212, 214], [214, 215], [214, 217], [231, 232], [231, 233], [277, 278], [277, 279], [283, 284], [283, 285], [349, 351], [351, 353], [386, 388], [388, 390], [396, 398], [404, 406], [444, 446], [446, -443], [446, 456], [480, 482], [482, 484], [484, 486], [486, 489], [489, 491], [505, -466]], "missing_branches": [[54, 55], [76, 77], [79, 80], [81, 82], [110, 111], [116, 117], [133, 134], [133, 135], [135, 136], [135, 137], [137, 140], [137, 141], [165, 166], [169, 170], [349, 350], [351, 352], [386, 387], [388, 389], [396, 397], [404, 405], [424, 425], [424, 439], [444, 445], [480, 481], [482, 483], [484, 485], [486, 487], [489, 490], [505, 506]]}}}, "backend\\app\\dao\\points_dao.py": {"executed_lines": [3, 5, 8], "summary": {"covered_lines": 3, "num_statements": 10, "percent_covered": 25.0, "percent_covered_display": "25", "missing_lines": 7, "excluded_lines": 0, "percent_statements_covered": 30.0, "percent_statements_covered_display": "30", "num_branches": 2, "num_partial_branches": 0, "covered_branches": 0, "missing_branches": 2, "percent_branches_covered": 0.0, "percent_branches_covered_display": "0"}, "missing_lines": [9, 10, 17, 28, 32, 33, 34], "excluded_lines": [], "executed_branches": [], "missing_branches": [[32, 33], [32, 34]], "functions": {"add_points": {"executed_lines": [], "summary": {"covered_lines": 0, "num_statements": 7, "percent_covered": 0.0, "percent_covered_display": "0", "missing_lines": 7, "excluded_lines": 0, "percent_statements_covered": 0.0, "percent_statements_covered_display": "0", "num_branches": 2, "num_partial_branches": 0, "covered_branches": 0, "missing_branches": 2, "percent_branches_covered": 0.0, "percent_branches_covered_display": "0"}, "missing_lines": [9, 10, 17, 28, 32, 33, 34], "excluded_lines": [], "start_line": 8, "executed_branches": [], "missing_branches": [[32, 33], [32, 34]]}, "": {"executed_lines": [3, 5, 8], "summary": {"covered_lines": 3, "num_statements": 3, "percent_covered": 100.0, "percent_covered_display": "100", "missing_lines": 0, "excluded_lines": 0, "percent_statements_covered": 100.0, "percent_statements_covered_display": "100", "num_branches": 0, "num_partial_branches": 0, "covered_branches": 0, "missing_branches": 0, "percent_branches_covered": 100.0, "percent_branches_covered_display": "100"}, "missing_lines": [], "excluded_lines": [], "start_line": 1, "executed_branches": [], "missing_branches": []}}, "classes": {"": {"executed_lines": [3, 5, 8], "summary": {"covered_lines": 3, "num_statements": 10, "percent_covered": 25.0, "percent_covered_display": "25", "missing_lines": 7, "excluded_lines": 0, "percent_statements_covered": 30.0, "percent_statements_covered_display": "30", "num_branches": 2, "num_partial_branches": 0, "covered_branches": 0, "missing_branches": 2, "percent_branches_covered": 0.0, "percent_branches_covered_display": "0"}, "missing_lines": [9, 10, 17, 28, 32, 33, 34], "excluded_lines": [], "start_line": 1, "executed_branches": [], "missing_branches": [[32, 33], [32, 34]]}}}, "backend\\app\\dao\\promotion_dao.py": {"executed_lines": [3, 5, 6, 7, 9, 11, 12, 15, 16, 17, 18, 19, 20, 21, 24, 25, 28, 29, 30, 31, 34, 35, 38, 39, 40, 41, 42, 45, 46, 47, 48, 50, 51, 52, 53, 54, 55, 56, 57, 58, 59, 60, 63, 64, 65, 66, 67, 68, 69, 70, 73, 74, 75, 84, 85, 103, 112, 113, 114, 115, 129, 130, 135, 136, 138, 139, 140, 156, 173, 183, 185, 188, 189, 190, 198, 201, 269, 294, 295, 296, 297, 298, 312, 313, 314, 316, 323, 324, 325, 326, 327, 328, 347, 348, 349, 350, 351, 352, 353, 354, 357, 381, 382, 383, 408, 409, 410, 411, 412, 415, 416, 417, 418, 419, 420, 421, 422, 425, 426, 427, 428, 434, 440, 442, 444, 446, 448, 450, 451, 452, 457, 458, 470, 472, 482, 483, 484, 495, 506, 509, 519, 580, 642, 663, 682, 731, 852, 853, 854, 855, 857, 858, 859, 860, 863, 865, 866, 871, 872, 873, 874, 897, 916, 917, 929], "summary": {"covered_lines": 165, "num_statements": 293, "percent_covered": 53.1328320802005, "percent_covered_display": "53", "missing_lines": 128, "excluded_lines": 0, "percent_statements_covered": 56.31399317406143, "percent_statements_covered_display": "56", "num_branches": 106, "num_partial_branches": 13, "covered_branches": 47, "missing_branches": 59, "percent_branches_covered": 44.339622641509436, "percent_branches_covered_display": "44"}, "missing_lines": [86, 141, 154, 184, 202, 215, 227, 239, 240, 241, 242, 257, 258, 270, 271, 272, 284, 285, 286, 287, 288, 289, 290, 291, 315, 358, 359, 360, 375, 376, 377, 378, 413, 414, 441, 443, 445, 447, 449, 468, 469, 471, 520, 521, 533, 534, 535, 551, 553, 567, 568, 573, 575, 576, 577, 581, 582, 583, 584, 585, 586, 587, 588, 599, 600, 603, 604, 605, 606, 607, 619, 634, 639, 643, 644, 664, 665, 683, 684, 685, 686, 687, 688, 696, 697, 698, 699, 700, 712, 732, 733, 734, 735, 736, 737, 738, 739, 740, 741, 742, 760, 765, 766, 775, 776, 777, 778, 779, 780, 793, 794, 795, 807, 808, 817, 818, 825, 840, 849, 856, 861, 862, 864, 875, 880, 881, 882, 895], "excluded_lines": [], "executed_branches": [[29, 30], [29, 31], [40, 41], [40, 42], [47, 48], [47, 50], [51, 52], [51, 53], [55, 56], [55, 57], [58, 59], [58, 60], [68, 69], [68, 70], [84, 85], [129, 130], [129, 138], [140, 156], [183, 185], [314, 316], [347, 348], [347, 354], [408, 409], [408, 422], [410, 411], [410, 417], [417, 418], [417, 420], [420, 408], [420, 421], [440, 442], [442, 444], [444, 446], [446, 448], [448, 450], [451, 452], [451, 457], [470, 472], [483, 484], [483, 506], [855, 857], [863, 865], [871, 872], [871, 873], [874, 897], [916, 917], [916, 929]], "missing_branches": [[84, 86], [140, 141], [183, 184], [241, 242], [241, 257], [284, 285], [284, 287], [287, 288], [287, 291], [289, 290], [289, 291], [314, 315], [376, 377], [376, 378], [440, 441], [442, 443], [444, 445], [446, 447], [448, 449], [470, 471], [533, 534], [533, 535], [535, 551], [535, 553], [567, 568], [567, 575], [586, 587], [586, 588], [588, 599], [588, 600], [603, 604], [603, 619], [605, 606], [605, 607], [687, 688], [687, 696], [696, 697], [696, 712], [698, 699], [698, 700], [740, 741], [740, 742], [765, 766], [765, 776], [776, 777], [776, 807], [778, 779], [778, 780], [793, 794], [793, 795], [807, 808], [807, 840], [817, 818], [817, 825], [855, 856], [863, 864], [874, 875], [880, 881], [880, 882]], "functions": {"_front_coupon_type": {"executed_lines": [25], "summary": {"covered_lines": 1, "num_statements": 1, "percent_covered": 100.0, "percent_covered_display": "100", "missing_lines": 0, "excluded_lines": 0, "percent_statements_covered": 100.0, "percent_statements_covered_display": "100", "num_branches": 0, "num_partial_branches": 0, "covered_branches": 0, "missing_branches": 0, "percent_branches_covered": 100.0, "percent_branches_covered_display": "100"}, "missing_lines": [], "excluded_lines": [], "start_line": 24, "executed_branches": [], "missing_branches": []}, "_db_coupon_type": {"executed_lines": [29, 30, 31], "summary": {"covered_lines": 3, "num_statements": 3, "percent_covered": 100.0, "percent_covered_display": "100", "missing_lines": 0, "excluded_lines": 0, "percent_statements_covered": 100.0, "percent_statements_covered_display": "100", "num_branches": 2, "num_partial_branches": 0, "covered_branches": 2, "missing_branches": 0, "percent_branches_covered": 100.0, "percent_branches_covered_display": "100"}, "missing_lines": [], "excluded_lines": [], "start_line": 28, "executed_branches": [[29, 30], [29, 31]], "missing_branches": []}, "_front_reward_type": {"executed_lines": [35], "summary": {"covered_lines": 1, "num_statements": 1, "percent_covered": 100.0, "percent_covered_display": "100", "missing_lines": 0, "excluded_lines": 0, "percent_statements_covered": 100.0, "percent_statements_covered_display": "100", "num_branches": 0, "num_partial_branches": 0, "covered_branches": 0, "missing_branches": 0, "percent_branches_covered": 100.0, "percent_branches_covered_display": "100"}, "missing_lines": [], "excluded_lines": [], "start_line": 34, "executed_branches": [], "missing_branches": []}, "_db_reward_type": {"executed_lines": [39, 40, 41, 42], "summary": {"covered_lines": 4, "num_statements": 4, "percent_covered": 100.0, "percent_covered_display": "100", "missing_lines": 0, "excluded_lines": 0, "percent_statements_covered": 100.0, "percent_statements_covered_display": "100", "num_branches": 2, "num_partial_branches": 0, "covered_branches": 2, "missing_branches": 0, "percent_branches_covered": 100.0, "percent_branches_covered_display": "100"}, "missing_lines": [], "excluded_lines": [], "start_line": 38, "executed_branches": [[40, 41], [40, 42]], "missing_branches": []}, "_reward_coupon_amount": {"executed_lines": [46, 47, 48, 50, 51, 52, 53, 54, 55, 56, 57, 58, 59, 60], "summary": {"covered_lines": 14, "num_statements": 14, "percent_covered": 100.0, "percent_covered_display": "100", "missing_lines": 0, "excluded_lines": 0, "percent_statements_covered": 100.0, "percent_statements_covered_display": "100", "num_branches": 8, "num_partial_branches": 0, "covered_branches": 8, "missing_branches": 0, "percent_branches_covered": 100.0, "percent_branches_covered_display": "100"}, "missing_lines": [], "excluded_lines": [], "start_line": 45, "executed_branches": [[47, 48], [47, 50], [51, 52], [51, 53], [55, 56], [55, 57], [58, 59], [58, 60]], "missing_branches": []}, "_reward_coupon_min_amount": {"executed_lines": [64, 65, 66, 67, 68, 69, 70], "summary": {"covered_lines": 7, "num_statements": 7, "percent_covered": 100.0, "percent_covered_display": "100", "missing_lines": 0, "excluded_lines": 0, "percent_statements_covered": 100.0, "percent_statements_covered_display": "100", "num_branches": 2, "num_partial_branches": 0, "covered_branches": 2, "missing_branches": 0, "percent_branches_covered": 100.0, "percent_branches_covered_display": "100"}, "missing_lines": [], "excluded_lines": [], "start_line": 63, "executed_branches": [[68, 69], [68, 70]], "missing_branches": []}, "_reward_coupon_activity_id": {"executed_lines": [74, 75, 84, 85], "summary": {"covered_lines": 4, "num_statements": 5, "percent_covered": 71.42857142857143, "percent_covered_display": "71", "missing_lines": 1, "excluded_lines": 0, "percent_statements_covered": 80.0, "percent_statements_covered_display": "80", "num_branches": 2, "num_partial_branches": 1, "covered_branches": 1, "missing_branches": 1, "percent_branches_covered": 50.0, "percent_branches_covered_display": "50"}, "missing_lines": [86], "excluded_lines": [], "start_line": 73, "executed_branches": [[84, 85]], "missing_branches": [[84, 86]]}, "_ensure_reward_coupon": {"executed_lines": [112, 113, 114, 115, 129, 130, 135, 136, 138, 139, 140, 156, 173, 183, 185], "summary": {"covered_lines": 15, "num_statements": 18, "percent_covered": 79.16666666666667, "percent_covered_display": "79", "missing_lines": 3, "excluded_lines": 0, "percent_statements_covered": 83.33333333333333, "percent_statements_covered_display": "83", "num_branches": 6, "num_partial_branches": 2, "covered_branches": 4, "missing_branches": 2, "percent_branches_covered": 66.66666666666667, "percent_branches_covered_display": "67"}, "missing_lines": [141, 154, 184], "excluded_lines": [], "start_line": 103, "executed_branches": [[129, 130], [129, 138], [140, 156], [183, 185]], "missing_branches": [[140, 141], [183, 184]]}, "_procedure_error": {"executed_lines": [189, 190, 198], "summary": {"covered_lines": 3, "num_statements": 3, "percent_covered": 100.0, "percent_covered_display": "100", "missing_lines": 0, "excluded_lines": 0, "percent_statements_covered": 100.0, "percent_statements_covered_display": "100", "num_branches": 0, "num_partial_branches": 0, "covered_branches": 0, "missing_branches": 0, "percent_branches_covered": 100.0, "percent_branches_covered_display": "100"}, "missing_lines": [], "excluded_lines": [], "start_line": 188, "executed_branches": [], "missing_branches": []}, "_store_participation_summary": {"executed_lines": [], "summary": {"covered_lines": 0, "num_statements": 9, "percent_covered": 0.0, "percent_covered_display": "0", "missing_lines": 9, "excluded_lines": 0, "percent_statements_covered": 0.0, "percent_statements_covered_display": "0", "num_branches": 2, "num_partial_branches": 0, "covered_branches": 0, "missing_branches": 2, "percent_branches_covered": 0.0, "percent_branches_covered_display": "0"}, "missing_lines": [202, 215, 227, 239, 240, 241, 242, 257, 258], "excluded_lines": [], "start_line": 201, "executed_branches": [], "missing_branches": [[241, 242], [241, 257]]}, "list_activities": {"executed_lines": [], "summary": {"covered_lines": 0, "num_statements": 11, "percent_covered": 0.0, "percent_covered_display": "0", "missing_lines": 11, "excluded_lines": 0, "percent_statements_covered": 0.0, "percent_statements_covered_display": "0", "num_branches": 6, "num_partial_branches": 0, "covered_branches": 0, "missing_branches": 6, "percent_branches_covered": 0.0, "percent_branches_covered_display": "0"}, "missing_lines": [270, 271, 272, 284, 285, 286, 287, 288, 289, 290, 291], "excluded_lines": [], "start_line": 269, "executed_branches": [], "missing_branches": [[284, 285], [284, 287], [287, 288], [287, 291], [289, 290], [289, 291]]}, "checkin": {"executed_lines": [295, 296, 297, 298, 312, 313, 314, 316], "summary": {"covered_lines": 8, "num_statements": 9, "percent_covered": 81.81818181818181, "percent_covered_display": "82", "missing_lines": 1, "excluded_lines": 0, "percent_statements_covered": 88.88888888888889, "percent_statements_covered_display": "89", "num_branches": 2, "num_partial_branches": 1, "covered_branches": 1, "missing_branches": 1, "percent_branches_covered": 50.0, "percent_branches_covered_display": "50"}, "missing_lines": [315], "excluded_lines": [], "start_line": 294, "executed_branches": [[314, 316]], "missing_branches": [[314, 315]]}, "list_user_coupons": {"executed_lines": [324, 325, 326, 327, 328, 347, 348, 349, 350, 351, 352, 353, 354], "summary": {"covered_lines": 13, "num_statements": 13, "percent_covered": 100.0, "percent_covered_display": "100", "missing_lines": 0, "excluded_lines": 0, "percent_statements_covered": 100.0, "percent_statements_covered_display": "100", "num_branches": 2, "num_partial_branches": 0, "covered_branches": 2, "missing_branches": 0, "percent_branches_covered": 100.0, "percent_branches_covered_display": "100"}, "missing_lines": [], "excluded_lines": [], "start_line": 323, "executed_branches": [[347, 348], [347, 354]], "missing_branches": []}, "list_points": {"executed_lines": [], "summary": {"covered_lines": 0, "num_statements": 7, "percent_covered": 0.0, "percent_covered_display": "0", "missing_lines": 7, "excluded_lines": 0, "percent_statements_covered": 0.0, "percent_statements_covered_display": "0", "num_branches": 2, "num_partial_branches": 0, "covered_branches": 0, "missing_branches": 2, "percent_branches_covered": 0.0, "percent_branches_covered_display": "0"}, "missing_lines": [358, 359, 360, 375, 376, 377, 378], "excluded_lines": [], "start_line": 357, "executed_branches": [], "missing_branches": [[376, 377], [376, 378]]}, "list_rewards": {"executed_lines": [382, 383, 408, 409, 410, 411, 412, 415, 416, 417, 418, 419, 420, 421, 422], "summary": {"covered_lines": 15, "num_statements": 17, "percent_covered": 92.0, "percent_covered_display": "92", "missing_lines": 2, "excluded_lines": 0, "percent_statements_covered": 88.23529411764706, "percent_statements_covered_display": "88", "num_branches": 8, "num_partial_branches": 0, "covered_branches": 8, "missing_branches": 0, "percent_branches_covered": 100.0, "percent_branches_covered_display": "100"}, "missing_lines": [413, 414], "excluded_lines": [], "start_line": 381, "executed_branches": [[408, 409], [408, 422], [410, 411], [410, 417], [417, 418], [417, 420], [420, 408], [420, 421]], "missing_branches": []}, "redeem_reward": {"executed_lines": [426, 427, 428, 434, 440, 442, 444, 446, 448, 450, 451, 452, 457, 458, 470, 472, 482, 483, 484, 495, 506, 509], "summary": {"covered_lines": 22, "num_statements": 30, "percent_covered": 69.56521739130434, "percent_covered_display": "70", "missing_lines": 8, "excluded_lines": 0, "percent_statements_covered": 73.33333333333333, "percent_statements_covered_display": "73", "num_branches": 16, "num_partial_branches": 6, "covered_branches": 10, "missing_branches": 6, "percent_branches_covered": 62.5, "percent_branches_covered_display": "62"}, "missing_lines": [441, 443, 445, 447, 449, 468, 469, 471], "excluded_lines": [], "start_line": 425, "executed_branches": [[440, 442], [442, 444], [444, 446], [446, 448], [448, 450], [451, 452], [451, 457], [470, 472], [483, 484], [483, 506]], "missing_branches": [[440, 441], [442, 443], [444, 445], [446, 447], [448, 449], [470, 471]]}, "join_activity": {"executed_lines": [], "summary": {"covered_lines": 0, "num_statements": 13, "percent_covered": 0.0, "percent_covered_display": "0", "missing_lines": 13, "excluded_lines": 0, "percent_statements_covered": 0.0, "percent_statements_covered_display": "0", "num_branches": 6, "num_partial_branches": 0, "covered_branches": 0, "missing_branches": 6, "percent_branches_covered": 0.0, "percent_branches_covered_display": "0"}, "missing_lines": [520, 521, 533, 534, 535, 551, 553, 567, 568, 573, 575, 576, 577], "excluded_lines": [], "start_line": 519, "executed_branches": [], "missing_branches": [[533, 534], [533, 535], [535, 551], [535, 553], [567, 568], [567, 575]]}, "claim_weekly_coupon": {"executed_lines": [], "summary": {"covered_lines": 0, "num_statements": 18, "percent_covered": 0.0, "percent_covered_display": "0", "missing_lines": 18, "excluded_lines": 0, "percent_statements_covered": 0.0, "percent_statements_covered_display": "0", "num_branches": 8, "num_partial_branches": 0, "covered_branches": 0, "missing_branches": 8, "percent_branches_covered": 0.0, "percent_branches_covered_display": "0"}, "missing_lines": [581, 582, 583, 584, 585, 586, 587, 588, 599, 600, 603, 604, 605, 606, 607, 619, 634, 639], "excluded_lines": [], "start_line": 580, "executed_branches": [], "missing_branches": [[586, 587], [586, 588], [588, 599], [588, 600], [603, 604], [603, 619], [605, 606], [605, 607]]}, "create_activity": {"executed_lines": [], "summary": {"covered_lines": 0, "num_statements": 2, "percent_covered": 0.0, "percent_covered_display": "0", "missing_lines": 2, "excluded_lines": 0, "percent_statements_covered": 0.0, "percent_statements_covered_display": "0", "num_branches": 0, "num_partial_branches": 0, "covered_branches": 0, "missing_branches": 0, "percent_branches_covered": 100.0, "percent_branches_covered_display": "100"}, "missing_lines": [643, 644], "excluded_lines": [], "start_line": 642, "executed_branches": [], "missing_branches": []}, "update_activity": {"executed_lines": [], "summary": {"covered_lines": 0, "num_statements": 2, "percent_covered": 0.0, "percent_covered_display": "0", "missing_lines": 2, "excluded_lines": 0, "percent_statements_covered": 0.0, "percent_statements_covered_display": "0", "num_branches": 0, "num_partial_branches": 0, "covered_branches": 0, "missing_branches": 0, "percent_branches_covered": 100.0, "percent_branches_covered_display": "100"}, "missing_lines": [664, 665], "excluded_lines": [], "start_line": 663, "executed_branches": [], "missing_branches": []}, "save_platform_coupon": {"executed_lines": [], "summary": {"covered_lines": 0, "num_statements": 12, "percent_covered": 0.0, "percent_covered_display": "0", "missing_lines": 12, "excluded_lines": 0, "percent_statements_covered": 0.0, "percent_statements_covered_display": "0", "num_branches": 6, "num_partial_branches": 0, "covered_branches": 0, "missing_branches": 6, "percent_branches_covered": 0.0, "percent_branches_covered_display": "0"}, "missing_lines": [683, 684, 685, 686, 687, 688, 696, 697, 698, 699, 700, 712], "excluded_lines": [], "start_line": 682, "executed_branches": [], "missing_branches": [[687, 688], [687, 696], [696, 697], [696, 712], [698, 699], [698, 700]]}, "set_store_participation": {"executed_lines": [], "summary": {"covered_lines": 0, "num_statements": 30, "percent_covered": 0.0, "percent_covered_display": "0", "missing_lines": 30, "excluded_lines": 0, "percent_statements_covered": 0.0, "percent_statements_covered_display": "0", "num_branches": 14, "num_partial_branches": 0, "covered_branches": 0, "missing_branches": 14, "percent_branches_covered": 0.0, "percent_branches_covered_display": "0"}, "missing_lines": [732, 733, 734, 735, 736, 737, 738, 739, 740, 741, 742, 760, 765, 766, 775, 776, 777, 778, 779, 780, 793, 794, 795, 807, 808, 817, 818, 825, 840, 849], "excluded_lines": [], "start_line": 731, "executed_branches": [], "missing_branches": [[740, 741], [740, 742], [765, 766], [765, 776], [776, 777], [776, 807], [778, 779], [778, 780], [793, 794], [793, 795], [807, 808], [807, 840], [817, 818], [817, 825]]}, "save_reward": {"executed_lines": [853, 854, 855, 857, 858, 859, 860, 863, 865, 866, 871, 872, 873, 874, 897, 916, 917, 929], "summary": {"covered_lines": 18, "num_statements": 27, "percent_covered": 64.1025641025641, "percent_covered_display": "64", "missing_lines": 9, "excluded_lines": 0, "percent_statements_covered": 66.66666666666667, "percent_statements_covered_display": "67", "num_branches": 12, "num_partial_branches": 3, "covered_branches": 7, "missing_branches": 5, "percent_branches_covered": 58.333333333333336, "percent_branches_covered_display": "58"}, "missing_lines": [856, 861, 862, 864, 875, 880, 881, 882, 895], "excluded_lines": [], "start_line": 852, "executed_branches": [[855, 857], [863, 865], [871, 872], [871, 873], [874, 897], [916, 917], [916, 929]], "missing_branches": [[855, 856], [863, 864], [874, 875], [880, 881], [880, 882]]}, "": {"executed_lines": [3, 5, 6, 7, 9, 11, 12, 15, 16, 17, 18, 19, 20, 21, 24, 28, 34, 38, 45, 63, 73, 103, 188, 201, 269, 294, 323, 357, 381, 425, 519, 580, 642, 663, 682, 731, 852], "summary": {"covered_lines": 37, "num_statements": 37, "percent_covered": 100.0, "percent_covered_display": "100", "missing_lines": 0, "excluded_lines": 0, "percent_statements_covered": 100.0, "percent_statements_covered_display": "100", "num_branches": 0, "num_partial_branches": 0, "covered_branches": 0, "missing_branches": 0, "percent_branches_covered": 100.0, "percent_branches_covered_display": "100"}, "missing_lines": [], "excluded_lines": [], "start_line": 1, "executed_branches": [], "missing_branches": []}}, "classes": {"": {"executed_lines": [3, 5, 6, 7, 9, 11, 12, 15, 16, 17, 18, 19, 20, 21, 24, 25, 28, 29, 30, 31, 34, 35, 38, 39, 40, 41, 42, 45, 46, 47, 48, 50, 51, 52, 53, 54, 55, 56, 57, 58, 59, 60, 63, 64, 65, 66, 67, 68, 69, 70, 73, 74, 75, 84, 85, 103, 112, 113, 114, 115, 129, 130, 135, 136, 138, 139, 140, 156, 173, 183, 185, 188, 189, 190, 198, 201, 269, 294, 295, 296, 297, 298, 312, 313, 314, 316, 323, 324, 325, 326, 327, 328, 347, 348, 349, 350, 351, 352, 353, 354, 357, 381, 382, 383, 408, 409, 410, 411, 412, 415, 416, 417, 418, 419, 420, 421, 422, 425, 426, 427, 428, 434, 440, 442, 444, 446, 448, 450, 451, 452, 457, 458, 470, 472, 482, 483, 484, 495, 506, 509, 519, 580, 642, 663, 682, 731, 852, 853, 854, 855, 857, 858, 859, 860, 863, 865, 866, 871, 872, 873, 874, 897, 916, 917, 929], "summary": {"covered_lines": 165, "num_statements": 293, "percent_covered": 53.1328320802005, "percent_covered_display": "53", "missing_lines": 128, "excluded_lines": 0, "percent_statements_covered": 56.31399317406143, "percent_statements_covered_display": "56", "num_branches": 106, "num_partial_branches": 13, "covered_branches": 47, "missing_branches": 59, "percent_branches_covered": 44.339622641509436, "percent_branches_covered_display": "44"}, "missing_lines": [86, 141, 154, 184, 202, 215, 227, 239, 240, 241, 242, 257, 258, 270, 271, 272, 284, 285, 286, 287, 288, 289, 290, 291, 315, 358, 359, 360, 375, 376, 377, 378, 413, 414, 441, 443, 445, 447, 449, 468, 469, 471, 520, 521, 533, 534, 535, 551, 553, 567, 568, 573, 575, 576, 577, 581, 582, 583, 584, 585, 586, 587, 588, 599, 600, 603, 604, 605, 606, 607, 619, 634, 639, 643, 644, 664, 665, 683, 684, 685, 686, 687, 688, 696, 697, 698, 699, 700, 712, 732, 733, 734, 735, 736, 737, 738, 739, 740, 741, 742, 760, 765, 766, 775, 776, 777, 778, 779, 780, 793, 794, 795, 807, 808, 817, 818, 825, 840, 849, 856, 861, 862, 864, 875, 880, 881, 882, 895], "excluded_lines": [], "start_line": 1, "executed_branches": [[29, 30], [29, 31], [40, 41], [40, 42], [47, 48], [47, 50], [51, 52], [51, 53], [55, 56], [55, 57], [58, 59], [58, 60], [68, 69], [68, 70], [84, 85], [129, 130], [129, 138], [140, 156], [183, 185], [314, 316], [347, 348], [347, 354], [408, 409], [408, 422], [410, 411], [410, 417], [417, 418], [417, 420], [420, 408], [420, 421], [440, 442], [442, 444], [444, 446], [446, 448], [448, 450], [451, 452], [451, 457], [470, 472], [483, 484], [483, 506], [855, 857], [863, 865], [871, 872], [871, 873], [874, 897], [916, 917], [916, 929]], "missing_branches": [[84, 86], [140, 141], [183, 184], [241, 242], [241, 257], [284, 285], [284, 287], [287, 288], [287, 291], [289, 290], [289, 291], [314, 315], [376, 377], [376, 378], [440, 441], [442, 443], [444, 445], [446, 447], [448, 449], [470, 471], [533, 534], [533, 535], [535, 551], [535, 553], [567, 568], [567, 575], [586, 587], [586, 588], [588, 599], [588, 600], [603, 604], [603, 619], [605, 606], [605, 607], [687, 688], [687, 696], [696, 697], [696, 712], [698, 699], [698, 700], [740, 741], [740, 742], [765, 766], [765, 776], [776, 777], [776, 807], [778, 779], [778, 780], [793, 794], [793, 795], [807, 808], [807, 840], [817, 818], [817, 825], [855, 856], [863, 864], [874, 875], [880, 881], [880, 882]]}}}, "backend\\app\\dao\\review_dao.py": {"executed_lines": [3, 5, 8, 9, 10, 11, 12, 25, 26, 27, 28, 29, 35, 36], "summary": {"covered_lines": 14, "num_statements": 14, "percent_covered": 100.0, "percent_covered_display": "100", "missing_lines": 0, "excluded_lines": 0, "percent_statements_covered": 100.0, "percent_statements_covered_display": "100", "num_branches": 8, "num_partial_branches": 0, "covered_branches": 8, "missing_branches": 0, "percent_branches_covered": 100.0, "percent_branches_covered_display": "100"}, "missing_lines": [], "excluded_lines": [], "executed_branches": [[9, 10], [9, 11], [25, 26], [25, 27], [27, 28], [27, 29], [29, 35], [29, 36]], "missing_branches": [], "functions": {"create": {"executed_lines": [9, 10, 11, 12, 25, 26, 27, 28, 29, 35, 36], "summary": {"covered_lines": 11, "num_statements": 11, "percent_covered": 100.0, "percent_covered_display": "100", "missing_lines": 0, "excluded_lines": 0, "percent_statements_covered": 100.0, "percent_statements_covered_display": "100", "num_branches": 8, "num_partial_branches": 0, "covered_branches": 8, "missing_branches": 0, "percent_branches_covered": 100.0, "percent_branches_covered_display": "100"}, "missing_lines": [], "excluded_lines": [], "start_line": 8, "executed_branches": [[9, 10], [9, 11], [25, 26], [25, 27], [27, 28], [27, 29], [29, 35], [29, 36]], "missing_branches": []}, "": {"executed_lines": [3, 5, 8], "summary": {"covered_lines": 3, "num_statements": 3, "percent_covered": 100.0, "percent_covered_display": "100", "missing_lines": 0, "excluded_lines": 0, "percent_statements_covered": 100.0, "percent_statements_covered_display": "100", "num_branches": 0, "num_partial_branches": 0, "covered_branches": 0, "missing_branches": 0, "percent_branches_covered": 100.0, "percent_branches_covered_display": "100"}, "missing_lines": [], "excluded_lines": [], "start_line": 1, "executed_branches": [], "missing_branches": []}}, "classes": {"": {"executed_lines": [3, 5, 8, 9, 10, 11, 12, 25, 26, 27, 28, 29, 35, 36], "summary": {"covered_lines": 14, "num_statements": 14, "percent_covered": 100.0, "percent_covered_display": "100", "missing_lines": 0, "excluded_lines": 0, "percent_statements_covered": 100.0, "percent_statements_covered_display": "100", "num_branches": 8, "num_partial_branches": 0, "covered_branches": 8, "missing_branches": 0, "percent_branches_covered": 100.0, "percent_branches_covered_display": "100"}, "missing_lines": [], "excluded_lines": [], "start_line": 1, "executed_branches": [[9, 10], [9, 11], [25, 26], [25, 27], [27, 28], [27, 29], [29, 35], [29, 36]], "missing_branches": []}}}, "backend\\app\\dao\\stats_dao.py": {"executed_lines": [3, 5, 7, 10, 11, 14, 143, 177, 213, 225], "summary": {"covered_lines": 10, "num_statements": 51, "percent_covered": 16.39344262295082, "percent_covered_display": "16", "missing_lines": 41, "excluded_lines": 0, "percent_statements_covered": 19.607843137254903, "percent_statements_covered_display": "20", "num_branches": 10, "num_partial_branches": 0, "covered_branches": 0, "missing_branches": 10, "percent_branches_covered": 0.0, "percent_branches_covered_display": "0"}, "missing_lines": [15, 16, 17, 18, 31, 44, 53, 61, 79, 80, 90, 91, 92, 111, 112, 113, 114, 128, 129, 130, 144, 145, 174, 178, 179, 180, 181, 182, 183, 184, 185, 207, 208, 209, 210, 214, 215, 216, 226, 227, 242], "excluded_lines": [], "executed_branches": [], "missing_branches": [[17, 18], [17, 44], [79, 80], [79, 111], [128, 129], [128, 130], [181, 182], [181, 184], [207, 208], [207, 210]], "functions": {"_days": {"executed_lines": [11], "summary": {"covered_lines": 1, "num_statements": 1, "percent_covered": 100.0, "percent_covered_display": "100", "missing_lines": 0, "excluded_lines": 0, "percent_statements_covered": 100.0, "percent_statements_covered_display": "100", "num_branches": 0, "num_partial_branches": 0, "covered_branches": 0, "missing_branches": 0, "percent_branches_covered": 100.0, "percent_branches_covered_display": "100"}, "missing_lines": [], "excluded_lines": [], "start_line": 10, "executed_branches": [], "missing_branches": []}, "overview": {"executed_lines": [], "summary": {"covered_lines": 0, "num_statements": 20, "percent_covered": 0.0, "percent_covered_display": "0", "missing_lines": 20, "excluded_lines": 0, "percent_statements_covered": 0.0, "percent_statements_covered_display": "0", "num_branches": 6, "num_partial_branches": 0, "covered_branches": 0, "missing_branches": 6, "percent_branches_covered": 0.0, "percent_branches_covered_display": "0"}, "missing_lines": [15, 16, 17, 18, 31, 44, 53, 61, 79, 80, 90, 91, 92, 111, 112, 113, 114, 128, 129, 130], "excluded_lines": [], "start_line": 14, "executed_branches": [], "missing_branches": [[17, 18], [17, 44], [79, 80], [79, 111], [128, 129], [128, 130]]}, "risk_stores": {"executed_lines": [], "summary": {"covered_lines": 0, "num_statements": 3, "percent_covered": 0.0, "percent_covered_display": "0", "missing_lines": 3, "excluded_lines": 0, "percent_statements_covered": 0.0, "percent_statements_covered_display": "0", "num_branches": 0, "num_partial_branches": 0, "covered_branches": 0, "missing_branches": 0, "percent_branches_covered": 100.0, "percent_branches_covered_display": "100"}, "missing_lines": [144, 145, 174], "excluded_lines": [], "start_line": 143, "executed_branches": [], "missing_branches": []}, "export_rows": {"executed_lines": [], "summary": {"covered_lines": 0, "num_statements": 12, "percent_covered": 0.0, "percent_covered_display": "0", "missing_lines": 12, "excluded_lines": 0, "percent_statements_covered": 0.0, "percent_statements_covered_display": "0", "num_branches": 4, "num_partial_branches": 0, "covered_branches": 0, "missing_branches": 4, "percent_branches_covered": 0.0, "percent_branches_covered_display": "0"}, "missing_lines": [178, 179, 180, 181, 182, 183, 184, 185, 207, 208, 209, 210], "excluded_lines": [], "start_line": 177, "executed_branches": [], "missing_branches": [[181, 182], [181, 184], [207, 208], [207, 210]]}, "recommendation_settings": {"executed_lines": [], "summary": {"covered_lines": 0, "num_statements": 3, "percent_covered": 0.0, "percent_covered_display": "0", "missing_lines": 3, "excluded_lines": 0, "percent_statements_covered": 0.0, "percent_statements_covered_display": "0", "num_branches": 0, "num_partial_branches": 0, "covered_branches": 0, "missing_branches": 0, "percent_branches_covered": 100.0, "percent_branches_covered_display": "100"}, "missing_lines": [214, 215, 216], "excluded_lines": [], "start_line": 213, "executed_branches": [], "missing_branches": []}, "update_recommendation_settings": {"executed_lines": [], "summary": {"covered_lines": 0, "num_statements": 3, "percent_covered": 0.0, "percent_covered_display": "0", "missing_lines": 3, "excluded_lines": 0, "percent_statements_covered": 0.0, "percent_statements_covered_display": "0", "num_branches": 0, "num_partial_branches": 0, "covered_branches": 0, "missing_branches": 0, "percent_branches_covered": 100.0, "percent_branches_covered_display": "100"}, "missing_lines": [226, 227, 242], "excluded_lines": [], "start_line": 225, "executed_branches": [], "missing_branches": []}, "": {"executed_lines": [3, 5, 7, 10, 14, 143, 177, 213, 225], "summary": {"covered_lines": 9, "num_statements": 9, "percent_covered": 100.0, "percent_covered_display": "100", "missing_lines": 0, "excluded_lines": 0, "percent_statements_covered": 100.0, "percent_statements_covered_display": "100", "num_branches": 0, "num_partial_branches": 0, "covered_branches": 0, "missing_branches": 0, "percent_branches_covered": 100.0, "percent_branches_covered_display": "100"}, "missing_lines": [], "excluded_lines": [], "start_line": 1, "executed_branches": [], "missing_branches": []}}, "classes": {"": {"executed_lines": [3, 5, 7, 10, 11, 14, 143, 177, 213, 225], "summary": {"covered_lines": 10, "num_statements": 51, "percent_covered": 16.39344262295082, "percent_covered_display": "16", "missing_lines": 41, "excluded_lines": 0, "percent_statements_covered": 19.607843137254903, "percent_statements_covered_display": "20", "num_branches": 10, "num_partial_branches": 0, "covered_branches": 0, "missing_branches": 10, "percent_branches_covered": 0.0, "percent_branches_covered_display": "0"}, "missing_lines": [15, 16, 17, 18, 31, 44, 53, 61, 79, 80, 90, 91, 92, 111, 112, 113, 114, 128, 129, 130, 144, 145, 174, 178, 179, 180, 181, 182, 183, 184, 185, 207, 208, 209, 210, 214, 215, 216, 226, 227, 242], "excluded_lines": [], "start_line": 1, "executed_branches": [], "missing_branches": [[17, 18], [17, 44], [79, 80], [79, 111], [128, 129], [128, 130], [181, 182], [181, 184], [207, 208], [207, 210]]}}}, "backend\\app\\dao\\store_dao.py": {"executed_lines": [3, 5, 7, 10, 28, 38, 59, 64, 85, 94, 95, 96, 101], "summary": {"covered_lines": 13, "num_statements": 29, "percent_covered": 41.935483870967744, "percent_covered_display": "42", "missing_lines": 16, "excluded_lines": 0, "percent_statements_covered": 44.827586206896555, "percent_statements_covered_display": "45", "num_branches": 2, "num_partial_branches": 0, "covered_branches": 0, "missing_branches": 2, "percent_branches_covered": 0.0, "percent_branches_covered_display": "0"}, "missing_lines": [11, 12, 29, 30, 39, 40, 60, 61, 65, 66, 71, 72, 78, 82, 86, 87], "excluded_lines": [], "executed_branches": [], "missing_branches": [[71, 72], [71, 78]], "functions": {"get_detail": {"executed_lines": [], "summary": {"covered_lines": 0, "num_statements": 2, "percent_covered": 0.0, "percent_covered_display": "0", "missing_lines": 2, "excluded_lines": 0, "percent_statements_covered": 0.0, "percent_statements_covered_display": "0", "num_branches": 0, "num_partial_branches": 0, "covered_branches": 0, "missing_branches": 0, "percent_branches_covered": 100.0, "percent_branches_covered_display": "100"}, "missing_lines": [11, 12], "excluded_lines": [], "start_line": 10, "executed_branches": [], "missing_branches":
[...]
ded_lines": 0, "percent_statements_covered": 0.0, "percent_statements_covered_display": "0", "num_branches": 0, "num_partial_branches": 0, "covered_branches": 0, "missing_branches": 0, "percent_branches_covered": 100.0, "percent_branches_covered_display": "100"}, "missing_lines": [862], "excluded_lines": [], "start_line": 861, "executed_branches": [], "missing_branches": []}, "stats_export": {"executed_lines": [], "summary": {"covered_lines": 0, "num_statements": 7, "percent_covered": 0.0, "percent_covered_display": "0", "missing_lines": 7, "excluded_lines": 0, "percent_statements_covered": 0.0, "percent_statements_covered_display": "0", "num_branches": 2, "num_partial_branches": 0, "covered_branches": 0, "missing_branches": 2, "percent_branches_covered": 0.0, "percent_branches_covered_display": "0"}, "missing_lines": [867, 868, 869, 870, 871, 878, 879], "excluded_lines": [], "start_line": 866, "executed_branches": [], "missing_branches": [[870, 871], [870, 879]]}, "recommendation_settings": {"executed_lines": [], "summary": {"covered_lines": 0, "num_statements": 1, "percent_covered": 0.0, "percent_covered_display": "0", "missing_lines": 1, "excluded_lines": 0, "percent_statements_covered": 0.0, "percent_statements_covered_display": "0", "num_branches": 0, "num_partial_branches": 0, "covered_branches": 0, "missing_branches": 0, "percent_branches_covered": 100.0, "percent_branches_covered_display": "100"}, "missing_lines": [888], "excluded_lines": [], "start_line": 887, "executed_branches": [], "missing_branches": []}, "update_recommendation_settings": {"executed_lines": [], "summary": {"covered_lines": 0, "num_statements": 1, "percent_covered": 0.0, "percent_covered_display": "0", "missing_lines": 1, "excluded_lines": 0, "percent_statements_covered": 0.0, "percent_statements_covered_display": "0", "num_branches": 0, "num_partial_branches": 0, "covered_branches": 0, "missing_branches": 0, "percent_branches_covered": 100.0, "percent_branches_covered_display": "100"}, "missing_lines": [893], "excluded_lines": [], "start_line": 892, "executed_branches": [], "missing_branches": []}, "": {"executed_lines": [1, 3, 4, 5, 7, 8, 9, 10, 11, 12, 13, 14, 16, 17, 18, 19, 30, 33, 34, 37, 44, 45, 52, 55, 56, 57, 60, 61, 69, 77, 80, 85, 100, 107, 120, 128, 151, 155, 180, 185, 207, 212, 217, 218, 222, 223, 242, 243, 264, 265, 284, 285, 289, 290, 294, 295, 319, 320, 326, 327, 337, 338, 365, 366, 376, 377, 386, 387, 395, 396, 408, 409, 415, 416, 443, 444, 463, 464, 477, 478, 483, 484, 488, 492, 493, 499, 500, 506, 507, 512, 513, 535, 536, 546, 547, 552, 553, 560, 561, 569, 570, 578, 579, 593, 594, 598, 599, 606, 607, 614, 615, 622, 623, 627, 628, 636, 637, 644, 645, 649, 650, 657, 658, 663, 664, 682, 683, 703, 704, 715, 716, 724, 725, 730, 731, 740, 741, 755, 756, 771, 772, 778, 779, 784, 785, 790, 791, 796, 797, 802, 803, 808, 809, 814, 815, 820, 821, 826, 827, 835, 836, 844, 845, 846, 854, 855, 860, 861, 865, 866, 886, 887, 891, 892, 896, 898, 899, 900], "summary": {"covered_lines": 178, "num_statements": 178, "percent_covered": 99.44444444444444, "percent_covered_display": "99", "missing_lines": 0, "excluded_lines": 0, "percent_statements_covered": 100.0, "percent_statements_covered_display": "100", "num_branches": 2, "num_partial_branches": 1, "covered_branches": 1, "missing_branches": 1, "percent_branches_covered": 50.0, "percent_branches_covered_display": "50"}, "missing_lines": [], "excluded_lines": [], "start_line": 1, "executed_branches": [[899, 900]], "missing_branches": [[899, -1]]}}, "classes": {"FrontendStaticFiles": {"executed_lines": [], "summary": {"covered_lines": 0, "num_statements": 12, "percent_covered": 0.0, "percent_covered_display": "0", "missing_lines": 12, "excluded_lines": 0, "percent_statements_covered": 0.0, "percent_statements_covered_display": "0", "num_branches": 6, "num_partial_branches": 0, "covered_branches": 0, "missing_branches": 6, "percent_branches_covered": 0.0, "percent_branches_covered_display": "0"}, "missing_lines": [58, 62, 63, 64, 65, 66, 67, 70, 71, 72, 73, 74], "excluded_lines": [], "start_line": 55, "executed_branches": [], "missing_branches": [[62, 63], [62, 65], [63, 62], [63, 64], [70, 71], [70, 74]]}, "": {"executed_lines": [1, 3, 4, 5, 7, 8, 9, 10, 11, 12, 13, 14, 16, 17, 18, 19, 30, 33, 34, 37, 44, 45, 52, 55, 56, 57, 60, 61, 69, 77, 80, 81, 82, 85, 86, 87, 88, 89, 90, 91, 92, 93, 94, 95, 96, 97, 100, 101, 102, 103, 104, 107, 108, 109, 110, 111, 112, 113, 114, 115, 116, 117, 120, 128, 129, 130, 131, 134, 135, 136, 137, 138, 139, 140, 141, 142, 143, 144, 145, 146, 147, 148, 151, 152, 155, 158, 159, 160, 161, 162, 163, 176, 177, 180, 185, 207, 208, 212, 213, 214, 217, 218, 222, 223, 224, 225, 226, 227, 229, 230, 239, 242, 243, 244, 245, 246, 247, 249, 250, 261, 264, 265, 266, 267, 268, 269, 271, 272, 274, 275, 276, 277, 279, 281, 284, 285, 289, 290, 291, 294, 295, 304, 305, 312, 313, 314, 315, 316, 319, 320, 326, 327, 337, 338, 365, 366, 376, 377, 386, 387, 388, 395, 396, 408, 409, 415, 416, 443, 444, 445, 446, 447, 449, 450, 452, 453, 454, 456, 457, 458, 459, 460, 463, 464, 477, 478, 483, 484, 488, 492, 493, 494, 495, 496, 499, 500, 506, 507, 512, 513, 514, 515, 517, 518, 520, 522, 523, 524, 530, 531, 532, 535, 536, 537, 538, 543, 546, 547, 552, 553, 554, 555, 557, 560, 561, 562, 563, 566, 569, 570, 571, 572, 575, 578, 579, 580, 581, 588, 589, 590, 593, 594, 598, 599, 600, 601, 602, 603, 606, 607, 614, 615, 616, 617, 622, 623, 624, 627, 628, 629, 630, 633, 636, 637, 644, 645, 646, 649, 650, 657, 658, 663, 664, 682, 683, 684, 685, 687, 688, 689, 700, 703, 704, 715, 716, 724, 725, 730, 731, 740, 741, 755, 756, 761, 763, 764, 765, 766, 767, 768, 771, 772, 778, 779, 784, 785, 790, 791, 796, 797, 802, 803, 808, 809, 814, 815, 820, 821, 826, 827, 835, 836, 844, 845, 846, 847, 848, 849, 850, 851, 854, 855, 860, 861, 865, 866, 886, 887, 891, 892, 896, 898, 899, 900], "summary": {"covered_lines": 344, "num_statements": 562, "percent_covered": 58.13609467455621, "percent_covered_display": "58", "missing_lines": 218, "excluded_lines": 0, "percent_statements_covered": 61.20996441281139, "percent_statements_covered_display": "61", "num_branches": 114, "num_partial_branches": 19, "covered_branches": 49, "missing_branches": 65, "percent_branches_covered": 42.98245614035088, "percent_branches_covered_display": "43"}, "missing_lines": [38, 121, 122, 123, 125, 132, 181, 182, 186, 187, 188, 189, 190, 192, 193, 194, 195, 196, 197, 199, 200, 201, 203, 204, 209, 219, 228, 237, 238, 248, 259, 260, 270, 273, 278, 280, 286, 321, 322, 323, 331, 332, 333, 334, 343, 344, 346, 347, 348, 349, 350, 351, 352, 353, 354, 355, 362, 367, 368, 369, 370, 371, 372, 373, 378, 379, 380, 381, 382, 383, 389, 390, 391, 392, 403, 404, 405, 410, 411, 412, 417, 418, 419, 420, 421, 440, 448, 451, 455, 465, 466, 467, 468, 469, 470, 471, 472, 473, 474, 479, 480, 485, 489, 501, 502, 503, 508, 509, 516, 519, 521, 539, 540, 541, 542, 548, 549, 556, 564, 565, 573, 574, 595, 608, 609, 610, 611, 618, 619, 631, 632, 638, 639, 640, 641, 655, 659, 660, 665, 670, 671, 672, 679, 686, 696, 697, 698, 699, 705, 706, 707, 708, 709, 710, 711, 712, 717, 718, 719, 720, 721, 726, 727, 732, 733, 734, 735, 736, 737, 746, 747, 748, 749, 750, 751, 752, 762, 773, 774, 775, 780, 781, 786, 787, 792, 793, 798, 799, 804, 805, 810, 811, 816, 817, 822, 823, 828, 829, 830, 831, 832, 837, 838, 839, 840, 841, 856, 857, 862, 867, 868, 869, 870, 871, 878, 879, 888, 893], "excluded_lines": [], "start_line": 1, "executed_branches": [[87, 88], [87, 91], [88, 89], [88, 90], [91, 92], [91, 93], [93, 94], [93, 95], [95, 96], [95, 97], [101, -100], [101, 102], [103, 101], [103, 104], [111, 112], [131, 134], [136, 137], [136, 148], [141, 142], [141, 143], [146, 136], [146, 147], [159, 160], [159, 176], [208, -207], [213, -212], [213, 214], [227, 229], [247, 249], [269, 271], [272, 274], [275, 276], [275, 277], [277, 279], [279, 281], [312, 313], [312, 315], [447, 449], [450, 452], [454, 456], [457, 458], [457, 459], [515, 517], [518, 520], [520, 522], [555, 557], [685, 687], [761, 763], [899, 900]], "missing_branches": [[111, 113], [131, 132], [186, 187], [186, 188], [189, 190], [189, 192], [194, 195], [194, 199], [196, 194], [196, 197], [208, 209], [227, 228], [247, 248], [269, 270], [272, 273], [277, 278], [279, 280], [321, 322], [321, 323], [332, 333], [332, 334], [343, 344], [343, 346], [348, 349], [348, 362], [368, 369], [368, 370], [378, 379], [378, 380], [380, 381], [380, 382], [390, 391], [390, 392], [419, 420], [419, 440], [447, 448], [450, 451], [454, 455], [466, 467], [466, 468], [469, 470], [469, 471], [471, 472], [471, 473], [515, 516], [518, 519], [520, 521], [555, 556], [670, 671], [670, 679], [685, 686], [706, 707], [706, 708], [709, 710], [709, 711], [718, 719], [718, 720], [733, 734], [733, 735], [735, 736], [735, 737], [761, 762], [870, 871], [870, 879], [899, -1]]}}}, "backend\\app\\response.py": {"executed_lines": [1, 3, 5, 6, 9, 10, 13, 14, 17, 18, 19, 20], "summary": {"covered_lines": 12, "num_statements": 12, "percent_covered": 100.0, "percent_covered_display": "100", "missing_lines": 0, "excluded_lines": 0, "percent_statements_covered": 100.0, "percent_statements_covered_display": "100", "num_branches": 2, "num_partial_branches": 0, "covered_branches": 2, "missing_branches": 0, "percent_branches_covered": 100.0, "percent_branches_covered_display": "100"}, "missing_lines": [], "excluded_lines": [], "executed_branches": [[18, 19], [18, 20]], "missing_branches": [], "functions": {"ok": {"executed_lines": [10], "summary": {"covered_lines": 1, "num_statements": 1, "percent_covered": 100.0, "percent_covered_display": "100", "missing_lines": 0, "excluded_lines": 0, "percent_statements_covered": 100.0, "percent_statements_covered_display": "100", "num_branches": 0, "num_partial_branches": 0, "covered_branches": 0, "missing_branches": 0, "percent_branches_covered": 100.0, "percent_branches_covered_display": "100"}, "missing_lines": [], "excluded_lines": [], "start_line": 9, "executed_branches": [], "missing_branches": []}, "fail": {"executed_lines": [14], "summary": {"covered_lines": 1, "num_statements": 1, "percent_covered": 100.0, "percent_covered_display": "100", "missing_lines": 0, "excluded_lines": 0, "percent_statements_covered": 100.0, "percent_statements_covered_display": "100", "num_branches": 0, "num_partial_branches": 0, "covered_branches": 0, "missing_branches": 0, "percent_branches_covered": 100.0, "percent_branches_covered_display": "100"}, "missing_lines": [], "excluded_lines": [], "start_line": 13, "executed_branches": [], "missing_branches": []}, "http_exception_handler": {"executed_lines": [18, 19, 20], "summary": {"covered_lines": 3, "num_statements": 3, "percent_covered": 100.0, "percent_covered_display": "100", "missing_lines": 0, "excluded_lines": 0, "percent_statements_covered": 100.0, "percent_statements_covered_display": "100", "num_branches": 2, "num_partial_branches": 0, "covered_branches": 2, "missing_branches": 0, "percent_branches_covered": 100.0, "percent_branches_covered_display": "100"}, "missing_lines": [], "excluded_lines": [], "start_line": 17, "executed_branches": [[18, 19], [18, 20]], "missing_branches": []}, "": {"executed_lines": [1, 3, 5, 6, 9, 13, 17], "summary": {"covered_lines": 7, "num_statements": 7, "percent_covered": 100.0, "percent_covered_display": "100", "missing_lines": 0, "excluded_lines": 0, "percent_statements_covered": 100.0, "percent_statements_covered_display": "100", "num_branches": 0, "num_partial_branches": 0, "covered_branches": 0, "missing_branches": 0, "percent_branches_covered": 100.0, "percent_branches_covered_display": "100"}, "missing_lines": [], "excluded_lines": [], "start_line": 1, "executed_branches": [], "missing_branches": []}}, "classes": {"": {"executed_lines": [1, 3, 5, 6, 9, 10, 13, 14, 17, 18, 19, 20], "summary": {"covered_lines": 12, "num_statements": 12, "percent_covered": 100.0, "percent_covered_display": "100", "missing_lines": 0, "excluded_lines": 0, "percent_statements_covered": 100.0, "percent_statements_covered_display": "100", "num_branches": 2, "num_partial_branches": 0, "covered_branches": 2, "missing_branches": 0, "percent_branches_covered": 100.0, "percent_branches_covered_display": "100"}, "missing_lines": [], "excluded_lines": [], "start_line": 1, "executed_branches": [[18, 19], [18, 20]], "missing_branches": []}}}, "backend\\app\\security.py": {"executed_lines": [1, 3, 4, 6, 7, 8, 9, 11, 12, 13, 16, 21, 23, 24, 27, 28, 31, 32, 35, 36, 37, 42, 45, 46, 47, 48, 49, 50, 51, 52, 54, 55, 56, 57, 58, 59, 62, 63, 64, 65, 66, 67, 68, 71, 72, 73, 74, 75, 76, 78, 81, 82, 83, 95, 96, 97, 98], "summary": {"covered_lines": 57, "num_statements": 57, "percent_covered": 100.0, "percent_covered_display": "100", "missing_lines": 0, "excluded_lines": 0, "percent_statements_covered": 100.0, "percent_statements_covered_display": "100", "num_branches": 12, "num_partial_branches": 0, "covered_branches": 12, "missing_branches": 0, "percent_branches_covered": 100.0, "percent_branches_covered_display": "100"}, "missing_lines": [], "excluded_lines": [], "executed_branches": [[46, 47], [46, 48], [55, 56], [55, 57], [57, 58], [57, 59], [63, 64], [63, 65], [74, 75], [74, 76], [95, 96], [95, 98]], "missing_branches": [], "functions": {"hash_password": {"executed_lines": [28], "summary": {"covered_lines": 1, "num_statements": 1, "percent_covered": 100.0, "percent_covered_display": "100", "missing_lines": 0, "excluded_lines": 0, "percent_statements_covered": 100.0, "percent_statements_covered_display": "100", "num_branches": 0, "num_partial_branches": 0, "covered_branches": 0, "missing_branches": 0, "percent_branches_covered": 100.0, "percent_branches_covered_display": "100"}, "missing_lines": [], "excluded_lines": [], "start_line": 27, "executed_branches": [], "missing_branches": []}, "verify_password": {"executed_lines": [32], "summary": {"covered_lines": 1, "num_statements": 1, "percent_covered": 100.0, "percent_covered_display": "100", "missing_lines": 0, "excluded_lines": 0, "percent_statements_covered": 100.0, "percent_statements_covered_display": "100", "num_branches": 0, "num_partial_branches": 0, "covered_branches": 0, "missing_branches": 0, "percent_branches_covered": 100.0, "percent_branches_covered_display": "100"}, "missing_lines": [], "excluded_lines": [], "start_line": 31, "executed_branches": [], "missing_branches": []}, "create_token": {"executed_lines": [36, 37, 42], "summary": {"covered_lines": 3, "num_statements": 3, "percent_covered": 100.0, "percent_covered_display": "100", "missing_lines": 0, "excluded_lines": 0, "percent_statements_covered": 100.0, "percent_statements_covered_display": "100", "num_branches": 0, "num_partial_branches": 0, "covered_branches": 0, "missing_branches": 0, "percent_branches_covered": 100.0, "percent_branches_covered_display": "100"}, "missing_lines": [], "excluded_lines": [], "start_line": 35, "executed_branches": [], "missing_branches": []}, "current_user": {"executed_lines": [46, 47, 48, 49, 50, 51, 52, 54, 55, 56, 57, 58, 59], "summary": {"covered_lines": 13, "num_statements": 13, "percent_covered": 100.0, "percent_covered_display": "100", "missing_lines": 0, "excluded_lines": 0, "percent_statements_covered": 100.0, "percent_statements_covered_display": "100", "num_branches": 6, "num_partial_branches": 0, "covered_branches": 6, "missing_branches": 0, "percent_branches_covered": 100.0, "percent_branches_covered_display": "100"}, "missing_lines": [], "excluded_lines": [], "start_line": 45, "executed_branches": [[46, 47], [46, 48], [55, 56], [55, 57], [57, 58], [57, 59]], "missing_branches": []}, "optional_user": {"executed_lines": [63, 64, 65, 66, 67, 68], "summary": {"covered_lines": 6, "num_statements": 6, "percent_covered": 100.0, "percent_covered_display": "100", "missing_lines": 0, "excluded_lines": 0, "percent_statements_covered": 100.0, "percent_statements_covered_display": "100", "num_branches": 2, "num_partial_branches": 0, "covered_branches": 2, "missing_branches": 0, "percent_branches_covered": 100.0, "percent_branches_covered_display": "100"}, "missing_lines": [], "excluded_lines": [], "start_line": 62, "executed_branches": [[63, 64], [63, 65]], "missing_branches": []}, "require_roles": {"executed_lines": [72, 78], "summary": {"covered_lines": 2, "num_statements": 2, "percent_covered": 100.0, "percent_covered_display": "100", "missing_lines": 0, "excluded_lines": 0, "percent_statements_covered": 100.0, "percent_statements_covered_display": "100", "num_branches": 0, "num_partial_branches": 0, "covered_branches": 0, "missing_branches": 0, "percent_branches_covered": 100.0, "percent_branches_covered_display": "100"}, "missing_lines": [], "excluded_lines": [], "start_line": 71, "executed_branches": [], "missing_branches": []}, "require_roles.dependency": {"executed_lines": [73, 74, 75, 76], "summary": {"covered_lines": 4, "num_statements": 4, "percent_covered": 100.0, "percent_covered_display": "100", "missing_lines": 0, "excluded_lines": 0, "percent_statements_covered": 100.0, "percent_statements_covered_display": "100", "num_branches": 2, "num_partial_branches": 0, "covered_branches": 2, "missing_branches": 0, "percent_branches_covered": 100.0, "percent_branches_covered_display": "100"}, "missing_lines": [], "excluded_lines": [], "start_line": 72, "executed_branches": [[74, 75], [74, 76]], "missing_branches": []}, "public_user": {"executed_lines": [82, 83, 95, 96, 97, 98], "summary": {"covered_lines": 6, "num_statements": 6, "percent_covered": 100.0, "percent_covered_display": "100", "missing_lines": 0, "excluded_lines": 0, "percent_statements_covered": 100.0, "percent_statements_covered_display": "100", "num_branches": 2, "num_partial_branches": 0, "covered_branches": 2, "missing_branches": 0, "percent_branches_covered": 100.0, "percent_branches_covered_display": "100"}, "missing_lines": [], "excluded_lines": [], "start_line": 81, "executed_branches": [[95, 96], [95, 98]], "missing_branches": []}, "": {"executed_lines": [1, 3, 4, 6, 7, 8, 9, 11, 12, 13, 16, 21, 23, 24, 27, 31, 35, 45, 62, 71, 81], "summary": {"covered_lines": 21, "num_statements": 21, "percent_covered": 100.0, "percent_covered_display": "100", "missing_lines": 0, "excluded_lines": 0, "percent_statements_covered": 100.0, "percent_statements_covered_display": "100", "num_branches": 0, "num_partial_branches": 0, "covered_branches": 0, "missing_branches": 0, "percent_branches_covered": 100.0, "percent_branches_covered_display": "100"}, "missing_lines": [], "excluded_lines": [], "start_line": 1, "executed_branches": [], "missing_branches": []}}, "classes": {"": {"executed_lines": [1, 3, 4, 6, 7, 8, 9, 11, 12, 13, 16, 21, 23, 24, 27, 28, 31, 32, 35, 36, 37, 42, 45, 46, 47, 48, 49, 50, 51, 52, 54, 55, 56, 57, 58, 59, 62, 63, 64, 65, 66, 67, 68, 71, 72, 73, 74, 75, 76, 78, 81, 82, 83, 95, 96, 97, 98], "summary": {"covered_lines": 57, "num_statements": 57, "percent_covered": 100.0, "percent_covered_display": "100", "missing_lines": 0, "excluded_lines": 0, "percent_statements_covered": 100.0, "percent_statements_covered_display": "100", "num_branches": 12, "num_partial_branches": 0, "covered_branches": 12, "missing_branches": 0, "percent_branches_covered": 100.0, "percent_branches_covered_display": "100"}, "missing_lines": [], "excluded_lines": [], "start_line": 1, "executed_branches": [[46, 47], [46, 48], [55, 56], [55, 57], [57, 58], [57, 59], [63, 64], [63, 65], [74, 75], [74, 76], [95, 96], [95, 98]], "missing_branches": []}}}}, "totals": {"covered_lines": 983, "num_statements": 1562, "percent_covered": 59.564777327935225, "percent_covered_display": "60", "missing_lines": 579, "excluded_lines": 0, "percent_statements_covered": 62.93213828425096, "percent_statements_covered_display": "63", "num_branches": 414, "num_partial_branches": 70, "covered_branches": 194, "missing_branches": 220, "percent_branches_covered": 46.85990338164251, "percent_branches_covered_display": "47"}}